['https://www.xuexi.cn/4426aa87b0b64ac671c96379a3a8bd26/datadb086044562a57b441c24f2af1c8e101.js', u'https://www.xuexi.cn/9e0809abd7b29ff09a9890486e0ace52/data29f26f722b3749f799692dcb4c3bc73c.js', u'https://www.xuexi.cn/5984cbfad3406999bae6844604122bf4/data3130ba968c09230dc802101c66761e93.js', u'https://www.xuexi.cn/261c9a142ef8e6375ed554815a26d585/dataf2d8ff735982530b7a8c9bb90fa99f68.js', u'https://www.xuexi.cn/e20602b4767a8f75cdd6245e46513931/data91b2545db4228cb3b1c2c8751902b55f.js']
这个栏目长度为8686,有0个是新视频，有8686个是旧视频,坏连接0个
这个栏目长度为2510,有0个是新视频，有2510个是旧视频,坏连接0个
这个栏目长度为540,有0个是新视频，有540个是旧视频,坏连接0个
这个栏目长度为968,有0个是新视频，有967个是旧视频,坏连接1个
发现新视频(或图片故事)：《山西视协太原​举办《电视文艺漫谈》讲座》,已为您添加到数据库
发现新视频(或图片故事)：《天津北方演艺集团走进西青区​》,已为您添加到数据库
发现新视频(或图片故事)：《天津​评剧白派剧团和平区演出》,已为您添加到数据库
发现新视频(或图片故事)：《 天津曲艺团河北区​演出》,已为您添加到数据库
发现新视频(或图片故事)：《上海越剧艺术传习所演出越剧《碧玉簪》》,已为您添加到数据库
发现新视频(或图片故事)：《山东​吕剧院菏泽郓城县演出》,已为您添加到数据库
发现新视频(或图片故事)：《重庆​曲艺团江北区演出》,已为您添加到数据库
发现新视频(或图片故事)：《青海文化馆走进湟中县​》,已为您添加到数据库
发现新视频(或图片故事)：《山西省二人台剧种传习所演出二人台《杏泉沟》》,已为您添加到数据库
发现新视频(或图片故事)：《山西​交响乐团奏响新春音乐会》,已为您添加到数据库
发现新视频(或图片故事)：《上海木偶剧团演出《卖火柴的小女孩》​》,已为您添加到数据库
发现新视频(或图片故事)：《西藏工布江达县​开展“新春走基层  欢乐送到家”文艺演出》,已为您添加到数据库
发现新视频(或图片故事)：《山东电影小分队​走进东营利津》,已为您添加到数据库
发现新视频(或图片故事)：《山东电影小分队走进青岛莱西市社会福利中心​》,已为您添加到数据库
发现新视频(或图片故事)：《四川文联举行民俗闹春大巡游活动​》,已为您添加到数据库
发现新视频(或图片故事)：《陕西举办文化惠民​专场演出》,已为您添加到数据库
发现新视频(或图片故事)：《青海演艺集团​互助县演出》,已为您添加到数据库
发现新视频(或图片故事)：《山东曲协走进泰安​》,已为您添加到数据库
发现新视频(或图片故事)：《山东电影小分队走进菏泽成武县​》,已为您添加到数据库
发现新视频(或图片故事)：《山东电影小分队走进聊城阳谷县​》,已为您添加到数据库
发现新视频(或图片故事)：《山东公益电影小分队走进烟台龙口市​》,已为您添加到数据库
发现新视频(或图片故事)：《山东电影小分队走进济南市莱芜区​》,已为您添加到数据库
发现新视频(或图片故事)：《山东电影小分队走进枣庄滕州市​》,已为您添加到数据库
发现新视频(或图片故事)：《山东话剧院潍坊寿光演出​》,已为您添加到数据库
发现新视频(或图片故事)：《山东话剧院寿光孙家集街道演出​》,已为您添加到数据库
发现新视频(或图片故事)：《山东电影小分队走进淄博桓台​》,已为您添加到数据库
发现新视频(或图片故事)：《山东电影小分队曹县放电影》,已为您添加到数据库
发现新视频(或图片故事)：《山东省话剧院泰安肥城演出​》,已为您添加到数据库
发现新视频(或图片故事)：《山东电影小分队走进滨州​养老院》,已为您添加到数据库
发现新视频(或图片故事)：《山东电影小分队走进东营广饶县​》,已为您添加到数据库
这个栏目长度为4692,有30个是新视频，有4662个是旧视频,坏连接0个
