['https://www.xuexi.cn/4426aa87b0b64ac671c96379a3a8bd26/datadb086044562a57b441c24f2af1c8e101.js', u'https://www.xuexi.cn/9e0809abd7b29ff09a9890486e0ace52/data29f26f722b3749f799692dcb4c3bc73c.js', u'https://www.xuexi.cn/5984cbfad3406999bae6844604122bf4/data3130ba968c09230dc802101c66761e93.js', u'https://www.xuexi.cn/261c9a142ef8e6375ed554815a26d585/dataf2d8ff735982530b7a8c9bb90fa99f68.js', u'https://www.xuexi.cn/e20602b4767a8f75cdd6245e46513931/data91b2545db4228cb3b1c2c8751902b55f.js']
这个栏目长度为8686,有0个是新视频，有8686个是旧视频,坏连接0个
这个栏目长度为2510,有0个是新视频，有2510个是旧视频,坏连接0个
这个栏目长度为540,有0个是新视频，有540个是旧视频,坏连接0个
发现新视频(或图片故事)：《以中日医养照护合作助力老龄化应对》,已为您添加到数据库
发现新视频(或图片故事)：《难民危机下的德国社会撕裂》,已为您添加到数据库
发现新视频(或图片故事)：《中美坦诚沟通 释放了哪些信号》,已为您添加到数据库
发现新视频(或图片故事)：《美联储态度转向“鸽派”是耐心之举》,已为您添加到数据库
发现新视频(或图片故事)：《资本主义的回旋空间与弹性限度》,已为您添加到数据库
发现新视频(或图片故事)：《外交部发言人：共建“一带一路” 中方从不强加于人》,已为您添加到数据库
发现新视频(或图片故事)：《“一带一路”为世界带来新愿景》,已为您添加到数据库
这个栏目长度为970,有7个是新视频，有962个是旧视频,坏连接1个
发现新视频(或图片故事)：《青海文化馆西宁开展社火展演​》,已为您添加到数据库
发现新视频(或图片故事)：《山东京剧院​淄博博山区演出》,已为您添加到数据库
发现新视频(或图片故事)：《山东京剧院走进淄博​》,已为您添加到数据库
发现新视频(或图片故事)：《福建摄协走进长乐​》,已为您添加到数据库
发现新视频(或图片故事)：《山东电影小分队走进胶州​敬老院》,已为您添加到数据库
发现新视频(或图片故事)：《甘肃秦腔艺术剧院白银靖远​演出》,已为您添加到数据库
发现新视频(或图片故事)：《山东电影局走进聊城​》,已为您添加到数据库
发现新视频(或图片故事)：《甘肃秦腔艺术剧院走进靖远县三滩镇​》,已为您添加到数据库
发现新视频(或图片故事)：《  云南花灯剧院昆明​举行惠民演出》,已为您添加到数据库
发现新视频(或图片故事)：《山东电影小分队走进东营​利津县》,已为您添加到数据库
发现新视频(或图片故事)：《 山东电影​小分队走进青岛黄岛区》,已为您添加到数据库
发现新视频(或图片故事)：《山东电影​小分队走进青岛李沧区》,已为您添加到数据库
发现新视频(或图片故事)：《安徽博物院​举办“博物馆里过大年”活动》,已为您添加到数据库
发现新视频(或图片故事)：《安徽卫视播出春节联欢晚会​》,已为您添加到数据库
发现新视频(或图片故事)：《安徽演艺集团举办“明日之星”​演出》,已为您添加到数据库
发现新视频(或图片故事)：《甘肃上演《香巴拉之约》​》,已为您添加到数据库
发现新视频(或图片故事)：《甘肃陇剧院民族乐团举行2019新春音乐会​》,已为您添加到数据库
发现新视频(或图片故事)：《山东电影小分队走进临沂​费县》,已为您添加到数据库
发现新视频(或图片故事)：《福建开展主题灯谜大展猜系列活动》,已为您添加到数据库
发现新视频(或图片故事)：《福建文艺志愿者艺术团走进​南平松溪》,已为您添加到数据库
发现新视频(或图片故事)：《甘肃定西演出《许铁堂》》,已为您添加到数据库
发现新视频(或图片故事)：《海南群艺馆举办《海南群众文化大讲坛》​》,已为您添加到数据库
发现新视频(或图片故事)：《海南群艺馆屯昌县​演出》,已为您添加到数据库
发现新视频(或图片故事)：《福建民​协举办“民间故事进校园”活动》,已为您添加到数据库
发现新视频(或图片故事)：《海南文联志愿服务文艺轻骑队走进琼中​》,已为您添加到数据库
发现新视频(或图片故事)：《海南群艺馆举办美术书法摄影展​》,已为您添加到数据库
发现新视频(或图片故事)：《海南民族歌舞团​五指山演出》,已为您添加到数据库
这个栏目长度为4800,有27个是新视频，有4773个是旧视频,坏连接0个
