['https://www.xuexi.cn/4426aa87b0b64ac671c96379a3a8bd26/datadb086044562a57b441c24f2af1c8e101.js', u'https://www.xuexi.cn/9e0809abd7b29ff09a9890486e0ace52/data29f26f722b3749f799692dcb4c3bc73c.js', u'https://www.xuexi.cn/5984cbfad3406999bae6844604122bf4/data3130ba968c09230dc802101c66761e93.js', u'https://www.xuexi.cn/261c9a142ef8e6375ed554815a26d585/dataf2d8ff735982530b7a8c9bb90fa99f68.js', u'https://www.xuexi.cn/e20602b4767a8f75cdd6245e46513931/data91b2545db4228cb3b1c2c8751902b55f.js']
发现新视频(或图片故事)：《和韵天歌——感悟《道德经》咏诵会》,已为您添加到数据库
发现新视频(或图片故事)：《歌唱家关牧村​ ​》,已为您添加到数据库
发现新视频(或图片故事)：《民族声乐艺术家李谷一》,已为您添加到数据库
发现新视频(或图片故事)：《中国民族歌剧《洪湖赤卫队》 》,已为您添加到数据库
发现新视频(或图片故事)：《“台湾民谣之父”胡德夫》,已为您添加到数据库
发现新视频(或图片故事)：《电影表演艺术家孙道临 》,已为您添加到数据库
发现新视频(或图片故事)：《广播节目《长篇连播》》,已为您添加到数据库
发现新视频(或图片故事)：《著名电影演员田华》,已为您添加到数据库
发现新视频(或图片故事)：《词作家王晓岭》,已为您添加到数据库
发现新视频(或图片故事)：《相声表演艺术家师胜杰》,已为您添加到数据库
发现新视频(或图片故事)：《陕北民歌代表性传承人王向荣》,已为您添加到数据库
发现新视频(或图片故事)：《电影导演谢飞》,已为您添加到数据库
发现新视频(或图片故事)：《《我们的中国梦——文化进万家 新春走基层文艺小分队赴江苏丹阳慰问演出》》,已为您添加到数据库
这个栏目长度为8679,有13个是新视频，有8666个是旧视频,坏连接0个
这个栏目长度为2510,有0个是新视频，有2510个是旧视频,坏连接0个
这个栏目长度为540,有0个是新视频，有540个是旧视频,坏连接0个
这个栏目长度为968,有0个是新视频，有967个是旧视频,坏连接1个
发现新视频(或图片故事)：《安徽演艺集团举办黄梅戏​演唱会》,已为您添加到数据库
发现新视频(或图片故事)：《重庆群艺馆两江新区举办​演出》,已为您添加到数据库
发现新视频(或图片故事)：《福建人民艺术剧院演出《三个臭匠皮》​》,已为您添加到数据库
发现新视频(或图片故事)：《福建画院举行​学术创作汇报展》,已为您添加到数据库
发现新视频(或图片故事)：《福建冰心文学馆举办文艺惠民活动​》,已为您添加到数据库
发现新视频(或图片故事)：《甘肃举办“春绿陇原”文艺展演​》,已为您添加到数据库
发现新视频(或图片故事)：《广东清远举办改革开放40周年航拍作品​巡展》,已为您添加到数据库
发现新视频(或图片故事)：《辽宁​图书馆举办楹联送福进万家活动》,已为您添加到数据库
发现新视频(或图片故事)：《辽宁​图书馆走进本溪南芬区》,已为您添加到数据库
发现新视频(或图片故事)：《广东文化志愿者艺术团开展​文化进万家活动》,已为您添加到数据库
发现新视频(或图片故事)：《中国摄协走进​安徽宣城郎溪》,已为您添加到数据库
发现新视频(或图片故事)：《山西视协太原文化站办​讲座》,已为您添加到数据库
发现新视频(或图片故事)：《新疆书协乌鲁木齐天山区派出所送春联、福字​》,已为您添加到数据库
发现新视频(或图片故事)：《山西视协举办《微视频创作特点与技巧》讲座》,已为您添加到数据库
发现新视频(或图片故事)：《辽宁​图书馆精准文化助残走基层》,已为您添加到数据库
发现新视频(或图片故事)：《辽宁博物馆文化走进文翠社区​》,已为您添加到数据库
发现新视频(或图片故事)：《新疆书协走进刑侦总队​》,已为您添加到数据库
发现新视频(或图片故事)：《新疆书协特警总队送春联、福字​》,已为您添加到数据库
发现新视频(或图片故事)：《福建文联南坪松溪写春联​》,已为您添加到数据库
发现新视频(或图片故事)：《甘肃曲艺团兰州​惠民演出》,已为您添加到数据库
发现新视频(或图片故事)：《山西视协举办《荧屏·读书·朗诵》活动》,已为您添加到数据库
发现新视频(或图片故事)：《甘肃演出花儿歌舞剧《布塄沟的春天》​》,已为您添加到数据库
这个栏目长度为4572,有22个是新视频，有4550个是旧视频,坏连接0个
