['https://www.xuexi.cn/4426aa87b0b64ac671c96379a3a8bd26/datadb086044562a57b441c24f2af1c8e101.js', u'https://www.xuexi.cn/9e0809abd7b29ff09a9890486e0ace52/data29f26f722b3749f799692dcb4c3bc73c.js', u'https://www.xuexi.cn/5984cbfad3406999bae6844604122bf4/data3130ba968c09230dc802101c66761e93.js', u'https://www.xuexi.cn/261c9a142ef8e6375ed554815a26d585/dataf2d8ff735982530b7a8c9bb90fa99f68.js', u'https://www.xuexi.cn/e20602b4767a8f75cdd6245e46513931/data91b2545db4228cb3b1c2c8751902b55f.js']
这个栏目长度为8656,有0个是新视频，有8656个是旧视频,坏连接0个
这个栏目长度为2510,有0个是新视频，有2510个是旧视频,坏连接0个
这个栏目长度为540,有0个是新视频，有540个是旧视频,坏连接0个
发现新视频(或图片故事)：《缅甸将对中国游客提供落地签证待遇》,已为您添加到数据库
发现新视频(或图片故事)：《香港将为亚投行项目准备专项基金提供1000万美元》,已为您添加到数据库
发现新视频(或图片故事)：《“一带一路”中国工艺美术作品展在蒙古国举行》,已为您添加到数据库
发现新视频(或图片故事)：《中塞企业协会在贝尔格莱德正式成立》,已为您添加到数据库
发现新视频(或图片故事)：《上半年河南省对“一带一路”沿线国家承包工程业务大幅飙升　新签合同额同比增长5倍多》,已为您添加到数据库
发现新视频(或图片故事)：《中国—斯里兰卡青年“一带一路”画展举行》,已为您添加到数据库
发现新视频(或图片故事)：《中国民乐奏响丝路经典》,已为您添加到数据库
发现新视频(或图片故事)：《中国向尼泊尔传授杂交玉米技术》,已为您添加到数据库
发现新视频(或图片故事)：《今年前６个月甘肃与“一带一路”沿线国家贸易额快速增长》,已为您添加到数据库
发现新视频(或图片故事)：《中企承建蒙古国首座互通立交桥主桥通车》,已为您添加到数据库
发现新视频(或图片故事)：《首单用于“一带一路”建设的可续期公司债券获批》,已为您添加到数据库
发现新视频(或图片故事)：《中国对以色列科技投资增长迅速》,已为您添加到数据库
发现新视频(或图片故事)：《中欧第四届欧洲论坛聚焦中英金融合作》,已为您添加到数据库
发现新视频(或图片故事)：《德国商业银行与工行签署“一带一路”合作谅解备忘录》,已为您添加到数据库
发现新视频(或图片故事)：《中国首船亚马尔LNG运抵国内》,已为您添加到数据库
发现新视频(或图片故事)：《中阿人文交流硕果累累》,已为您添加到数据库
发现新视频(或图片故事)：《中国援建马尼拉帕西格河桥梁项目正式开工》,已为您添加到数据库
发现新视频(或图片故事)：《银保监会已与32个“一带一路”沿线国家签署MOU或合作换文》,已为您添加到数据库
发现新视频(或图片故事)：《财经观察：“一带一路”建设助柬埔寨打造立体交通网》,已为您添加到数据库
发现新视频(或图片故事)：《第四届“阿拉伯艺术节”展示多样丝路文化》,已为您添加到数据库
发现新视频(或图片故事)：《新疆发布《丝绸之路经济带核心区建设发展报告（2018年）》》,已为您添加到数据库
发现新视频(或图片故事)：《塞内加尔驻华大使：中国与非洲国家的合作是共赢的，非洲人民很满意》,已为您添加到数据库
发现新视频(或图片故事)：《青海丝路花儿艺术节开幕》,已为您添加到数据库
发现新视频(或图片故事)：《中巴首条陆地直达光缆建成开通》,已为您添加到数据库
发现新视频(或图片故事)：《江苏成功调解首起 “一带一路”国际商事纠纷》,已为您添加到数据库
发现新视频(或图片故事)：《一带一路建设承载共同发展的热望》,已为您添加到数据库
发现新视频(或图片故事)：《积极推进“一带一路”合作机制建设》,已为您添加到数据库
发现新视频(或图片故事)：《“一带一路”为东西方交流增添新活力》,已为您添加到数据库
发现新视频(或图片故事)：《中国电影走进柬埔寨乡村》,已为您添加到数据库
发现新视频(或图片故事)：《香港业界抢抓“一带一路”建设机遇》,已为您添加到数据库
发现新视频(或图片故事)：《老挝北部首所孔子学院举行揭牌仪式》,已为您添加到数据库
发现新视频(或图片故事)：《“一带一路”为阿中合作注入新动力》,已为您添加到数据库
发现新视频(或图片故事)：《中俄加强工业技术领域对话》,已为您添加到数据库
发现新视频(或图片故事)：《中国信保为“一带一路”建设提供新动能》,已为您添加到数据库
发现新视频(或图片故事)：《中国—阿拉伯国家银行联合体正式成立 将配备30亿美元专项贷款》,已为您添加到数据库
发现新视频(或图片故事)：《重庆在俄推广旅游 山城景色亮相莫斯科》,已为您添加到数据库
发现新视频(或图片故事)：《中阿航天合作助力阿拉伯国家“空间探索”》,已为您添加到数据库
发现新视频(或图片故事)：《中国石化为一带一路建设加油（一带一路·合作共赢）》,已为您添加到数据库
发现新视频(或图片故事)：《中国海军和平方舟医院船时隔４年再抵巴新》,已为您添加到数据库
发现新视频(或图片故事)：《中哈物流基地上半年完成进出库量218万吨》,已为您添加到数据库
发现新视频(或图片故事)：《中阿合作论坛第八届部长级会议在北京举行》,已为您添加到数据库
发现新视频(或图片故事)：《捷克举办“中医之夜·共享健康”晚会》,已为您添加到数据库
发现新视频(或图片故事)：《中南教育合作迈出新步伐》,已为您添加到数据库
发现新视频(或图片故事)：《中欧班列，“一带一路”金名片（在国新办新闻发布会上）》,已为您添加到数据库
发现新视频(或图片故事)：《“文化中国·一带一路”全球华人名家书画联展在马六甲举行》,已为您添加到数据库
发现新视频(或图片故事)：《通讯：探访中沙经贸合作典范延布炼厂》,已为您添加到数据库
发现新视频(或图片故事)：《中阿合作共同打造中东“网上丝路”》,已为您添加到数据库
发现新视频(或图片故事)：《“一带一路”倡议对世界未来发展至关重要》,已为您添加到数据库
发现新视频(或图片故事)：《我国将加强与“一带一路”沿线国家粮食合作》,已为您添加到数据库
发现新视频(或图片故事)：《湖北非遗展演在匈牙利举行》,已为您添加到数据库
发现新视频(或图片故事)：《中国使馆向叙利亚慈善机构提供资助》,已为您添加到数据库
发现新视频(或图片故事)：《乌克兰成立一带一路贸易投资促进中心》,已为您添加到数据库
发现新视频(或图片故事)：《中俄“品牌合作”渐入佳境》,已为您添加到数据库
发现新视频(或图片故事)：《综述：免签或签证便利化措施深化中国与中东欧国家人文交流合作》,已为您添加到数据库
发现新视频(或图片故事)：《中国驻叙大使说两国媒体交流合作具有重要意义》,已为您添加到数据库
发现新视频(或图片故事)：《“全球丝绸之路”国际论坛在哈萨克斯坦举行》,已为您添加到数据库
发现新视频(或图片故事)：《乌克兰经济界希望吸引更多中国投资》,已为您添加到数据库
发现新视频(或图片故事)：《中国和巴西签署“一带一路”新闻交流合作协议》,已为您添加到数据库
发现新视频(或图片故事)：《摩洛哥举办国际摄影艺术节 主宾国中国作品参展》,已为您添加到数据库
发现新视频(或图片故事)：《“一带一路”图片展在德国开幕》,已为您添加到数据库
发现新视频(或图片故事)：《专家：服务贸易和海洋经济有望成中韩经贸合作关键词》,已为您添加到数据库
发现新视频(或图片故事)：《“一带一路”法治合作国际论坛在京开幕》,已为您添加到数据库
发现新视频(或图片故事)：《中国医疗队，真实亲诚的践行者（行走一带一路）》,已为您添加到数据库
发现新视频(或图片故事)：《金立群：亚投行积极支持“一带一路”倡议 已批准投资超53亿美元》,已为您添加到数据库
发现新视频(或图片故事)：《“川军”参建印尼雅万高铁项目正式启动主体施工》,已为您添加到数据库
发现新视频(或图片故事)：《前5月我省对“一带一路”沿线进出口劲增》,已为您添加到数据库
发现新视频(或图片故事)：《中铁中标弥蒙铁路新标段 助力中国与东南亚经贸畅通》,已为您添加到数据库
发现新视频(或图片故事)：《吉尔吉斯斯坦：将全力促进“一带一路”项目落地》,已为您添加到数据库
发现新视频(或图片故事)：《中意业界探讨“一带一路”对接合作》,已为您添加到数据库
发现新视频(或图片故事)：《丝路故事主题圆桌论坛在匈牙利举行》,已为您添加到数据库
发现新视频(或图片故事)：《第三届“一带一路”高峰论坛在港举行》,已为您添加到数据库
发现新视频(或图片故事)：《中欧班列（成都）实现每天３列以上稳定开行》,已为您添加到数据库
发现新视频(或图片故事)：《突尼斯外长7月访华 称期间将正式宣布加入“一带一路”》,已为您添加到数据库
发现新视频(或图片故事)：《新媒：波兰小镇涌入大批中国丝路火车》,已为您添加到数据库
发现新视频(或图片故事)：《就《关于建立“一带一路”国际商事争端解决机制和机构的意见》答记者问》,已为您添加到数据库
发现新视频(或图片故事)：《完善一带一路多元化融资体系》,已为您添加到数据库
发现新视频(或图片故事)：《香港“一带一路”国际食品展开幕》,已为您添加到数据库
发现新视频(或图片故事)：《中共中央办公厅、国务院办公厅印发《关于建立“一带一路”国际商事争端解决机制和机构的意见》》,已为您添加到数据库
发现新视频(或图片故事)：《“感知中国·中国西部文化乌克兰行”活动开幕》,已为您添加到数据库
发现新视频(或图片故事)：《“时令生活·四季苏州”展览在以色列举行》,已为您添加到数据库
发现新视频(或图片故事)：《1-5月山东外贸稳增长 对"一带一路"沿线国家出口增长2.2%》,已为您添加到数据库
发现新视频(或图片故事)：《前5月湖南出口轨道交通装备超10亿元》,已为您添加到数据库
发现新视频(或图片故事)：《1-5月河北省对“一带一路”沿线国家进出口双增长》,已为您添加到数据库
发现新视频(或图片故事)：《香港特区政府官员：过去一年五方面落实“一带一路”倡议》,已为您添加到数据库
发现新视频(或图片故事)：《英国举行“一带一路”主题少儿海报设计大赛》,已为您添加到数据库
发现新视频(或图片故事)：《宁夏艺术家在斯里兰卡采风创作 推动中斯绘画交流》,已为您添加到数据库
发现新视频(或图片故事)：《中东欧首家中国签证申请服务中心落户布加勒斯特》,已为您添加到数据库
发现新视频(或图片故事)：《“‘一带一路’ 南南合作农业教育科技创新联盟”在京成立》,已为您添加到数据库
发现新视频(或图片故事)：《“一带一路”记者组织论坛举行》,已为您添加到数据库
发现新视频(或图片故事)：《中国铁建再获沙特麦加轻轨运营合同 》,已为您添加到数据库
发现新视频(或图片故事)：《中国军医专家在柬埔寨开展义诊活动》,已为您添加到数据库
发现新视频(或图片故事)：《专访：多中两国在“一带一路”国际合作中大有可为》,已为您添加到数据库
发现新视频(或图片故事)：《中柬经贸合委会召开第五次会议》,已为您添加到数据库
发现新视频(或图片故事)：《2018中英“一带一路”风险保障国际合作论坛举行》,已为您添加到数据库
发现新视频(或图片故事)：《中国与联合国签署关于开展“一带一路”空间信息走廊合作意向宣言》,已为您添加到数据库
发现新视频(或图片故事)：《丝绸之路国际美术馆联盟在北京成立》,已为您添加到数据库
发现新视频(或图片故事)：《外交部：对法国参与“一带一路”建设的积极意愿表示欢迎》,已为您添加到数据库
发现新视频(或图片故事)：《中国南京文创展在越南受欢迎》,已为您添加到数据库
发现新视频(或图片故事)：《白俄罗斯举办“中国文创体验展”》,已为您添加到数据库
发现新视频(或图片故事)：《中企承建马尔代夫国际机场 新建跑道上层沥青开始摊铺》,已为您添加到数据库
发现新视频(或图片故事)：《上海合作组织秘书长：“一带一路”倡议有伟大的未来》,已为您添加到数据库
发现新视频(或图片故事)：《厦门对"一带一路"沿线国家进出口猛增 前五月达737.6亿元》,已为您添加到数据库
发现新视频(或图片故事)：《农业科技结出中以“一带一路”合作新硕果》,已为您添加到数据库
发现新视频(或图片故事)：《中国—中东欧国家深化文化产业合作》,已为您添加到数据库
发现新视频(或图片故事)：《中国流动科技馆巡展在缅甸举行》,已为您添加到数据库
发现新视频(或图片故事)：《第二十九届哈洽会开幕 重点邀请“一带一路”沿线企业参展》,已为您添加到数据库
发现新视频(或图片故事)：《减贫合作拉近中缅民心》,已为您添加到数据库
发现新视频(或图片故事)：《巴中建交一周年：签署20多项合作协议 积极参与“一带一路”》,已为您添加到数据库
发现新视频(或图片故事)：《四川已与境外签署协议130余项 “一带一路”贸易增长近八成》,已为您添加到数据库
发现新视频(或图片故事)：《2018海丝港口国际合作论坛举办》,已为您添加到数据库
发现新视频(或图片故事)：《法国参议院：法国应在“一带一路”建设中发挥积极作用》,已为您添加到数据库
发现新视频(或图片故事)：《中方对日方参与一带一路建设持开放态度》,已为您添加到数据库
发现新视频(或图片故事)：《2018中国·南亚东南亚艺术周暨澜湄艺术节在滇启幕》,已为您添加到数据库
发现新视频(或图片故事)：《我国将开通首条海南至欧洲定期航线》,已为您添加到数据库
发现新视频(或图片故事)：《“‘一带一路’与波兰”征文大赛颁奖仪式在华沙举行》,已为您添加到数据库
发现新视频(或图片故事)：《“一带一路”捷克站货运场项目启动》,已为您添加到数据库
发现新视频(或图片故事)：《中国文创海外推广展在斯里兰卡举办》,已为您添加到数据库
发现新视频(或图片故事)：《首个中菲政府贷款项目开工 将惠及当地4350家农户》,已为您添加到数据库
发现新视频(或图片故事)：《澳贸易部长乔博：“一带一路”倡议给澳大利亚企业带来机遇》,已为您添加到数据库
发现新视频(或图片故事)：《泰国第十六所孔子学院在曼谷揭牌》,已为您添加到数据库
发现新视频(或图片故事)：《马来西亚纳闽岛打造“一带一路”国际合作新平台》,已为您添加到数据库
发现新视频(或图片故事)：《访格鲁吉亚总统：中国的发展为世界带来巨大机遇而非挑战》,已为您添加到数据库
发现新视频(或图片故事)：《跨境电商连接网上丝绸之路》,已为您添加到数据库
发现新视频(或图片故事)：《柬埔寨首相说柬从“一带一路”合作中获益颇丰》,已为您添加到数据库
发现新视频(或图片故事)：《中国捐建的太阳能光伏取水项目移交印度》,已为您添加到数据库
发现新视频(或图片故事)：《专访：促进中刚共同发展 共建人类命运共同体》,已为您添加到数据库
发现新视频(或图片故事)：《西北五省（区）联合成立“丝绸之路文化遗产保护工匠联盟”》,已为您添加到数据库
发现新视频(或图片故事)：《何立峰出席中央统战部推进“一带一路”建设专题报告会并作专题报告》,已为您添加到数据库
发现新视频(或图片故事)：《各方携手，推进“一带一路”文物国际合作》,已为您添加到数据库
发现新视频(或图片故事)：《第24届上海电视节开幕 首次设立"一带一路"主题馆》,已为您添加到数据库
发现新视频(或图片故事)：《科伦坡港口城“石头记”》,已为您添加到数据库
发现新视频(或图片故事)：《辽宁将创建“一带一路”综合试验区》,已为您添加到数据库
发现新视频(或图片故事)：《浙江发布打造“一带一路”枢纽行动计划 “六个一”成重中之重》,已为您添加到数据库
发现新视频(或图片故事)：《前5月我国外贸进出口增长8.8%》,已为您添加到数据库
发现新视频(或图片故事)：《丝路基金与哈萨克斯坦阿斯塔纳国际金融中心签署战略合作伙伴备忘录》,已为您添加到数据库
发现新视频(或图片故事)：《“一带一路”食品展将在港揭幕》,已为您添加到数据库
发现新视频(或图片故事)：《中国“一带一路”研究培训中心在成都启动》,已为您添加到数据库
发现新视频(或图片故事)：《中欧班列陕西商品“一带一路”直通车抵达德国汉堡》,已为您添加到数据库
发现新视频(或图片故事)：《国家发改委副秘书长周晓飞： 欢迎更多跨国公司 积极参与“一带一路”建设》,已为您添加到数据库
发现新视频(或图片故事)：《俄罗斯总统普京接受中央广播电视总台台长专访》,已为您添加到数据库
发现新视频(或图片故事)：《上合组织与“一带一路”交相辉映》,已为您添加到数据库
发现新视频(或图片故事)：《中哈首部合拍片《音乐家》将助力两国关系发展——访哈萨克斯坦文化体育部长》,已为您添加到数据库
发现新视频(或图片故事)：《中奥研讨“一带一路”及“１６＋１合作”》,已为您添加到数据库
发现新视频(或图片故事)：《江苏签署首个“一带一路”沿线国家旅游合作协议》,已为您添加到数据库
发现新视频(或图片故事)：《中欧政经界人士热议“16+1合作”与一带一路机遇》,已为您添加到数据库
发现新视频(或图片故事)：《“中俄互评人文交流领域十大杰出人物”启动》,已为您添加到数据库
发现新视频(或图片故事)：《中国与安提瓜和巴布达签署共建“一带一路”合作文件》,已为您添加到数据库
发现新视频(或图片故事)：《专访联合国南南合作办公室副主任王晓军：南南合作已与“一带一路”对接多个项目》,已为您添加到数据库
发现新视频(或图片故事)：《首趟石家庄至明斯克中欧班列开行 打通“一带一路”物流通道》,已为您添加到数据库
发现新视频(或图片故事)：《“新丝路上的蓝色集装箱”活动在德国杜伊斯堡举行》,已为您添加到数据库
发现新视频(或图片故事)：《中亚国家搭上“一带一路”快车》,已为您添加到数据库
发现新视频(或图片故事)：《“一带一路”立陶宛电影展映开幕》,已为您添加到数据库
发现新视频(或图片故事)：《“非洲屋脊”上的亮丽风景线（行走一带一路）》,已为您添加到数据库
发现新视频(或图片故事)：《“一带一路建设是帮助，也是希望”》,已为您添加到数据库
发现新视频(或图片故事)：《德勤最新报告称去年中国企业对“一带一路”沿线贸易投资表现强劲》,已为您添加到数据库
发现新视频(或图片故事)：《1300多部“一带一路”沿线电影报名参与上海国际电影节》,已为您添加到数据库
发现新视频(或图片故事)：《宁夏发布加快口岸发展的实施意见  推动建立大通关协作机制》,已为您添加到数据库
发现新视频(或图片故事)：《前4月中国与一带一路沿线国家货物贸易同比增近两成》,已为您添加到数据库
发现新视频(或图片故事)：《综述：中越企业界共话“一带一路”企业家精神》,已为您添加到数据库
发现新视频(或图片故事)：《中肯合作编织梦想之路》,已为您添加到数据库
发现新视频(或图片故事)：《中国精品图书亮相第比利斯国际书展》,已为您添加到数据库
发现新视频(或图片故事)：《推动上合组织深化经济合作 “一带一路”带来新模式》,已为您添加到数据库
发现新视频(或图片故事)：《中俄天然气管道东线第二条穿国界江底隧道成功打通》,已为您添加到数据库
发现新视频(或图片故事)：《中国（土耳其）贸易博览会吸引近４００家中企参展》,已为您添加到数据库
发现新视频(或图片故事)：《科技援助，中非合作新气象》,已为您添加到数据库
发现新视频(或图片故事)：《中国智能手机在东南亚受追捧》,已为您添加到数据库
发现新视频(或图片故事)：《海上丝路沿线游客近七成来自中国》,已为您添加到数据库
发现新视频(或图片故事)：《中国石化润滑油国际化进入新征程》,已为您添加到数据库
发现新视频(或图片故事)：《中国驻斯里兰卡大使馆与斯里兰卡移民局联合举办中斯签证政策知识讲座》,已为您添加到数据库
发现新视频(或图片故事)：《广西对“一带一路”沿线国家进出口增长21.4%》,已为您添加到数据库
发现新视频(或图片故事)：《中国造2泰铢硬币从沈阳发往泰国》,已为您添加到数据库
发现新视频(或图片故事)：《梁国浩：香港将担当“一带一路”促成者和推广者》,已为您添加到数据库
发现新视频(或图片故事)：《“汉语桥”世界大中学生中文比赛印尼赛区决赛落幕》,已为您添加到数据库
发现新视频(或图片故事)：《中巴新合建“一带一路”农业产业园》,已为您添加到数据库
发现新视频(或图片故事)：《２０１８年“中国文化周”在老挝举办》,已为您添加到数据库
发现新视频(或图片故事)：《第五届京交会举办中国香港服务贸易洽谈会 》,已为您添加到数据库
发现新视频(或图片故事)：《专访：“中国为区域安全与稳定发挥重要作用”》,已为您添加到数据库
发现新视频(或图片故事)：《中企承建外高加索地区最长铁路隧道实现贯通》,已为您添加到数据库
发现新视频(或图片故事)：《孙祁祥称“一带一路”倡议对日本很有好处》,已为您添加到数据库
发现新视频(或图片故事)：《2018“一带一路”商事法治环境主题论坛在西安举办》,已为您添加到数据库
发现新视频(或图片故事)：《第二届中国—中南半岛经济走廊发展论坛在南宁举办》,已为您添加到数据库
发现新视频(或图片故事)：《丝绸之路音乐节落幕》,已为您添加到数据库
发现新视频(或图片故事)：《“一带一路”国际医学教育联盟在沈阳成立》,已为您添加到数据库
发现新视频(或图片故事)：《中国与中东欧国家期待农业合作升级》,已为您添加到数据库
发现新视频(或图片故事)：《第二届中拉政党论坛声明：“一带一路”倡议将为中国同拉美加勒比国家合作搭建新平台》,已为您添加到数据库
发现新视频(或图片故事)：《专访亚投行副行长：两年半投资26个项目，未来聚焦三大重点》,已为您添加到数据库
发现新视频(或图片故事)：《乌鲁木齐集结中心投运两周年累计开行中欧班列1230列》,已为您添加到数据库
发现新视频(或图片故事)：《布鲁塞尔举办“故宫体验之夜”活动》,已为您添加到数据库
发现新视频(或图片故事)：《“品质浙货”再次走进塞尔维亚》,已为您添加到数据库
发现新视频(或图片故事)：《日本举办“一带一路”研讨会 呼吁政府积极抓住合作机遇》,已为您添加到数据库
发现新视频(或图片故事)：《斯里兰卡政府：“一带一路”将为改善当地民生做出贡献》,已为您添加到数据库
发现新视频(或图片故事)：《孟加拉国帕德玛大桥连接线项目签订贷款协议 预算增长12%》,已为您添加到数据库
发现新视频(或图片故事)：《中国文创海外推广展在瑞典举办》,已为您添加到数据库
发现新视频(或图片故事)：《广州出台参与国家“一带一路”建设三年行动计划》,已为您添加到数据库
发现新视频(或图片故事)：《托起孟加拉国铁路新梦想》,已为您添加到数据库
发现新视频(或图片故事)：《巴基斯坦掀起“留学中国热”》,已为您添加到数据库
发现新视频(或图片故事)：《2018年1-4月中国对“一带一路”沿线国家投资合作情况》,已为您添加到数据库
发现新视频(或图片故事)：《“一带一路”沿线特色商品集聚江苏海门》,已为您添加到数据库
发现新视频(或图片故事)：《山东加速与“一带一路”沿线经贸往来 境外工程项目遍布六大经济走廊》,已为您添加到数据库
发现新视频(或图片故事)：《中英专家认为两国经贸合作将迎来更大发展空间》,已为您添加到数据库
发现新视频(或图片故事)：《中老铁路正洞掘进最长隧道突破千米大关》,已为您添加到数据库
发现新视频(或图片故事)：《专访新加坡环境及水源部部长马善高：加入绿色“一带一路”与中国深度绿色合作》,已为您添加到数据库
发现新视频(或图片故事)：《从“疯狂铁路”到“独立快车”（行走一带一路·记者手记）》,已为您添加到数据库
发现新视频(或图片故事)：《中国非洲文化艺术交流协会筹备委员会在博茨瓦纳成立》,已为您添加到数据库
发现新视频(或图片故事)：《中国非洲文化艺术交流协会筹备委员会在博茨瓦纳成立》,已为您添加到数据库
发现新视频(或图片故事)：《中国企业亮相斯里兰卡国际建工展》,已为您添加到数据库
发现新视频(或图片故事)：《中日专家畅谈“一带一路”资源环境合作》,已为您添加到数据库
发现新视频(或图片故事)：《大数据里看变化：“一带一路”合作共赢成效显著》,已为您添加到数据库
发现新视频(或图片故事)：《中国对外援助从不搞“猫腻”》,已为您添加到数据库
发现新视频(或图片故事)：《多国科学家认为“一带一路”是全球可持续发展新机遇》,已为您添加到数据库
发现新视频(或图片故事)：《通讯：中国企业助力纳米比亚建设南部非洲区域物流中心》,已为您添加到数据库
发现新视频(或图片故事)：《世界华人会计师大会聚焦“一带一路”机遇》,已为您添加到数据库
发现新视频(或图片故事)：《中柬旅游合作论坛在金边举行》,已为您添加到数据库
发现新视频(或图片故事)：《中欧班列（郑州）中亚线路（郑州-塔什干）首班开行》,已为您添加到数据库
发现新视频(或图片故事)：《中非共和国总统说“一带一路”对该国发展至关重要》,已为您添加到数据库
发现新视频(或图片故事)：《专访英国“一带一路”特使范智廉： 英国希望发挥金融和服务业专长 服务“一带一路”》,已为您添加到数据库
发现新视频(或图片故事)：《“一带一路”税收合作会议发布联合倡议》,已为您添加到数据库
发现新视频(或图片故事)：《突尼斯商界人士期待扩大与中国合作》,已为您添加到数据库
发现新视频(或图片故事)：《中国在阿尔及利亚举办“一带一路”图片展》,已为您添加到数据库
发现新视频(或图片故事)：《中波人士商讨加强双边合作》,已为您添加到数据库
发现新视频(或图片故事)：《中柬新增多个直飞航班》,已为您添加到数据库
发现新视频(或图片故事)：《罗娜·费尔海德：丝博会为英中合作带来诸多机遇》,已为您添加到数据库
发现新视频(或图片故事)：《中国企业亮相白俄罗斯国际通信和信息技术展》,已为您添加到数据库
发现新视频(或图片故事)：《北京搭建国际科技服务业平台 集聚“一带一路”创新资源》,已为您添加到数据库
发现新视频(或图片故事)：《中国与阿曼签署共建“一带一路”谅解备忘录》,已为您添加到数据库
发现新视频(或图片故事)：《广西东盟“一带一路”产业投资基金设立》,已为您添加到数据库
发现新视频(或图片故事)：《通讯：中国造亚吉铁路促地区互联互通》,已为您添加到数据库
发现新视频(或图片故事)：《华为携手中白工业园共同打造智慧园区》,已为您添加到数据库
发现新视频(或图片故事)：《上海国际电影节将设立“一带一路”电影节联盟》,已为您添加到数据库
发现新视频(或图片故事)：《一带一路税收合作会议在阿斯塔纳开幕》,已为您添加到数据库
发现新视频(或图片故事)：《“一带一路”会议搭建税收合作新平台》,已为您添加到数据库
发现新视频(或图片故事)：《首届全球华语朗诵大赛葡萄牙赛区决赛落幕》,已为您添加到数据库
发现新视频(或图片故事)：《通讯：对共建“一带一路”有了新理解——科伦坡港口城建设一年间》,已为您添加到数据库
发现新视频(或图片故事)：《习近平发表《携手推进“一带一路”建设》主旨演讲一周年》,已为您添加到数据库
发现新视频(或图片故事)：《丝博会构建国际合作新平台 “三个经济”引领经济转型》,已为您添加到数据库
发现新视频(或图片故事)：《外国客商响应“一带一路”倡议“掘金”陕西》,已为您添加到数据库
发现新视频(或图片故事)：《“一带一路”带来合作红利》,已为您添加到数据库
发现新视频(或图片故事)：《一带一路对全球和区域合作有重要意义》,已为您添加到数据库
发现新视频(或图片故事)：《第三届丝绸之路国际博览会在西安开幕（组图）》,已为您添加到数据库
发现新视频(或图片故事)：《共同构筑发展繁荣的美好未来》,已为您添加到数据库
发现新视频(或图片故事)：《新华社评论员：迈向合作共赢新时代》,已为您添加到数据库
发现新视频(或图片故事)：《中国与白俄罗斯成立联合设计院助推两国合作》,已为您添加到数据库
发现新视频(或图片故事)：《“汉语桥”中文比赛白俄罗斯赛区决赛落幕》,已为您添加到数据库
发现新视频(或图片故事)：《中柬社会组织开展合作交流　双边合作迈出重要一步》,已为您添加到数据库
发现新视频(或图片故事)：《江西鹰潭首开至白俄罗斯中欧班列》,已为您添加到数据库
发现新视频(或图片故事)：《中阿产能合作示范园将获全金融牌照》,已为您添加到数据库
发现新视频(或图片故事)：《陕西企业积极借力“一带一路”倡议 寻求发展新机遇》,已为您添加到数据库
发现新视频(或图片故事)：《中信集团不断深化拓展与白俄罗斯的合作》,已为您添加到数据库
发现新视频(或图片故事)：《河南省举办参与“一带一路”产能合作及政策解读会》,已为您添加到数据库
发现新视频(或图片故事)：《专访：打造一流陆海空复合物流商业中心》,已为您添加到数据库
发现新视频(或图片故事)：《中国高校在印度举办教育成就展》,已为您添加到数据库
发现新视频(或图片故事)：《传统医药国际发展论坛在泰国开幕》,已为您添加到数据库
发现新视频(或图片故事)：《以色列农业科技公司希望扩大与中国合作》,已为您添加到数据库
发现新视频(或图片故事)：《“一带一路”沿线对湘投资活跃 一季度增八成》,已为您添加到数据库
发现新视频(或图片故事)：《通讯：丹麦养猪企业期盼搭上“一带一路”快车》,已为您添加到数据库
发现新视频(或图片故事)：《欧洲复兴开发银行年会热议“一带一路”》,已为您添加到数据库
发现新视频(或图片故事)：《乌拉圭总统说愿积极参与“２１世纪海上丝绸之路”建设》,已为您添加到数据库
发现新视频(或图片故事)：《一季度晋中市“一带一路”沿线国家进出口增长54.7%》,已为您添加到数据库
发现新视频(或图片故事)：《“一带一路”沿线国家摄影师拍北京正式开拍》,已为您添加到数据库
发现新视频(或图片故事)：《孟加拉国官员：“一带一路”倡议实现利益共享》,已为您添加到数据库
发现新视频(或图片故事)：《联合国副秘书长：中国已成为全球金融治理的重要力量》,已为您添加到数据库
发现新视频(或图片故事)：《法国里昂大都会区主席：拥抱“一带一路” 里昂期盼直飞中国》,已为您添加到数据库
发现新视频(或图片故事)：《白俄罗斯希望推动白中关系进一步发展》,已为您添加到数据库
发现新视频(或图片故事)：《山东在阿联酋举办“一带一路”图书版权贸易洽谈会》,已为您添加到数据库
发现新视频(或图片故事)：《中国信用添彩“一带一路”建设》,已为您添加到数据库
发现新视频(或图片故事)：《“义新欧”班列促进中西经贸合作》,已为您添加到数据库
发现新视频(或图片故事)：《报告认为东盟国家将持续受益于“一带一路”》,已为您添加到数据库
发现新视频(或图片故事)：《一季度中国赴柬埔寨 游客近50万人次》,已为您添加到数据库
发现新视频(或图片故事)：《综述：苏伊士运河畔涌动中埃投资合作新热潮》,已为您添加到数据库
发现新视频(或图片故事)：《巴布亚新几内亚和肯尼亚加入！亚投行“朋友圈”好友增至８６个》,已为您添加到数据库
发现新视频(或图片故事)：《福建将“海上丝绸之路”铺进西亚国家约旦》,已为您添加到数据库
发现新视频(或图片故事)：《希腊官员说“一带一路”为国家带来机遇》,已为您添加到数据库
发现新视频(或图片故事)：《顾清扬：“一带一路”将引领新型全球化》,已为您添加到数据库
发现新视频(或图片故事)：《新西兰－中国关系促进委员会发布“一带一路”研究报告》,已为您添加到数据库
发现新视频(或图片故事)：《“一带一路”与东盟国家教育合作论坛在琼举办》,已为您添加到数据库
发现新视频(或图片故事)：《中企纳米比亚公路承建项目通车》,已为您添加到数据库
发现新视频(或图片故事)：《中欧班列首次抵达维也纳》,已为您添加到数据库
发现新视频(或图片故事)：《61国已确认参展中国国际进口博览会 “一带一路”沿线企业占34%》,已为您添加到数据库
发现新视频(或图片故事)：《中企承建孟加拉国项目为当地创造大量就业》,已为您添加到数据库
发现新视频(或图片故事)：《白俄罗斯驻华大使谈“一带一路”合作：我们很有信心》,已为您添加到数据库
发现新视频(或图片故事)：《“一带一路”倡议下的南南合作研讨会在京召开》,已为您添加到数据库
发现新视频(或图片故事)：《中国扩大开放的举措让世界振奋（权威论坛）》,已为您添加到数据库
发现新视频(或图片故事)：《中国援建的柬埔寨桔井大学正式启用》,已为您添加到数据库
发现新视频(或图片故事)：《“贵州全球推介——走进英国”活动在伦敦举行》,已为您添加到数据库
发现新视频(或图片故事)：《中欧班列助力西班牙企业对义乌出口大增》,已为您添加到数据库
发现新视频(或图片故事)：《布局“一带一路”收获多》,已为您添加到数据库
发现新视频(或图片故事)：《专访安达保险有限公司董事长张蓓：扩大改革开放让外资企业深受鼓舞》,已为您添加到数据库
发现新视频(或图片故事)：《我国对南非投资累计已超250亿美元》,已为您添加到数据库
发现新视频(或图片故事)：《中国电商打造“网上丝绸之路”》,已为您添加到数据库
发现新视频(或图片故事)：《中国红十字救助阿富汗患儿》,已为您添加到数据库
发现新视频(或图片故事)：《中国企业签约建设克罗地亚跨海大桥项目》,已为您添加到数据库
发现新视频(或图片故事)：《“一带一路”南向通道贵州段测试班列开通运行》,已为您添加到数据库
发现新视频(或图片故事)：《“一带一路”南向通道贵州段测试班列开通运行》,已为您添加到数据库
发现新视频(或图片故事)：《 综述：“一带一路” 推动新中合作》,已为您添加到数据库
发现新视频(或图片故事)：《中俄丝路创新园开园：聚焦中俄合作 共话“一园两地”》,已为您添加到数据库
发现新视频(或图片故事)：《2018中外知名企业四川行投资推介会举行 50项目现场签约》,已为您添加到数据库
发现新视频(或图片故事)：《中国公司承建的阿尔及利亚高速公路项目部分路段通车》,已为您添加到数据库
发现新视频(或图片故事)：《中巴媒体携手，让中巴经济走廊故事入脑、入耳、入心》,已为您添加到数据库
发现新视频(或图片故事)：《中国智库建议中俄共建“冰丝”支点港口》,已为您添加到数据库
发现新视频(或图片故事)：《阿富汗２５名先心病患儿将赴华接受治疗》,已为您添加到数据库
发现新视频(或图片故事)：《中国·巴基斯坦媒体论坛在北京举行》,已为您添加到数据库
发现新视频(或图片故事)：《《习近平“一带一路”国际合作高峰论坛重要讲话》出版发行》,已为您添加到数据库
发现新视频(或图片故事)：《首列直达维也纳的中欧班列成功开行》,已为您添加到数据库
发现新视频(或图片故事)：《优秀中国纪录片亮相第八届北京国际电影节》,已为您添加到数据库
发现新视频(或图片故事)：《外国驻豫签证服务平台实现“零”的突破》,已为您添加到数据库
发现新视频(或图片故事)：《“中国朋友让我们这里亮起来”》,已为您添加到数据库
发现新视频(或图片故事)：《通讯：中老铁路助力老挝山区换新颜》,已为您添加到数据库
发现新视频(或图片故事)：《共推“一带一路”务实合作　丝绸之路国际总商会纳入全球商会合作体系》,已为您添加到数据库
发现新视频(或图片故事)：《南充市以丝绸为媒 积极融入“一带一路”建设》,已为您添加到数据库
发现新视频(或图片故事)：《第二届“丝路学·国际论坛”在上海举行》,已为您添加到数据库
发现新视频(或图片故事)：《第123届广交会开幕》,已为您添加到数据库
发现新视频(或图片故事)：《提供增长动力 拓宽发展路径》,已为您添加到数据库
发现新视频(或图片故事)：《希望更多马尔代夫年轻人了解“一带一路”》,已为您添加到数据库
发现新视频(或图片故事)：《一季度利用外资实现稳定增长 高技术制造业保持较高增幅》,已为您添加到数据库
发现新视频(或图片故事)：《中白工业园入园企业数量不断增加》,已为您添加到数据库
发现新视频(或图片故事)：《中企承建巴基斯坦水电项目正式运营》,已为您添加到数据库
发现新视频(或图片故事)：《中欧班列新突破 服务“一带一路”建设新作为》,已为您添加到数据库
发现新视频(或图片故事)：《山西启动“一带一路”税务之家 助力企业“走出去”》,已为您添加到数据库
发现新视频(或图片故事)：《中国-国际货币基金组织联合能力建设中心成立》,已为您添加到数据库
发现新视频(或图片故事)：《中国与“一带一路”沿线国家五年货物贸易额超5万亿美元》,已为您添加到数据库
发现新视频(或图片故事)：《周小川：“一带一路”金融合作成果丰硕》,已为您添加到数据库
发现新视频(或图片故事)：《“一带一路”与可持续发展目标相互促进》,已为您添加到数据库
发现新视频(或图片故事)：《海关支持中欧班列“集拼集运” 每节车厢节省近千美元》,已为您添加到数据库
发现新视频(或图片故事)：《金融业对外开放措施和时间表发布 六大举措未来几个月内落实》,已为您添加到数据库
发现新视频(或图片故事)：《《关于引导对外投融资基金健康发展的意见》》,已为您添加到数据库
发现新视频(或图片故事)：《甘肃“非遗”精品赴俄交流归国汇报展亮相》,已为您添加到数据库
发现新视频(或图片故事)：《“一带一路”写入乌兹别克斯坦外交法令》,已为您添加到数据库
发现新视频(或图片故事)：《中奥签署关于未来就共建“一带一路”倡议开展合作的联合声明》,已为您添加到数据库
发现新视频(或图片故事)：《20辆比亚迪纯电动巴士在韩国济州岛交付使用》,已为您添加到数据库
发现新视频(或图片故事)：《中国文化交流团在肯尼亚举办画展和时装秀》,已为您添加到数据库
发现新视频(或图片故事)：《外媒关注博鳌经济风向标：“一带一路”红利扩大》,已为您添加到数据库
发现新视频(或图片故事)：《“一带一路”再出发 与世界共谋发展机遇》,已为您添加到数据库
发现新视频(或图片故事)：《中外媒体发表共同推进“一带一路”新闻合作联盟建设的宣言》,已为您添加到数据库
发现新视频(或图片故事)：《中国驻斯里兰卡大使： 推进“一带一路”建设是构建人类命运共同体的重要途径》,已为您添加到数据库
发现新视频(或图片故事)：《奥地利经济部长施兰伯克：奥地利期待与中国加强“一带一路”项目合作》,已为您添加到数据库
发现新视频(或图片故事)：《日本佳能全球战略研究所研究主任濑口清之：日本应积极参与“一带一路”建设实现共赢》,已为您添加到数据库
发现新视频(或图片故事)：《国航开通首条北京—巴拿马城直航航线》,已为您添加到数据库
发现新视频(或图片故事)：《穿越丝路（新时代之光）》,已为您添加到数据库
发现新视频(或图片故事)：《奥地利联邦商会副主席马茨内特尔：“一带一路”倡议为奥中互利合作提供巨大潜力》,已为您添加到数据库
发现新视频(或图片故事)：《推进“一带一路”建设工作领导小组办公室赴四川调研》,已为您添加到数据库
发现新视频(或图片故事)：《菲巴拉望省长：望与海南展开“一带一路”邮轮旅游合作》,已为您添加到数据库
发现新视频(或图片故事)：《特稿：非洲国家元首接连访华释放的信号》,已为您添加到数据库
发现新视频(或图片故事)：《中企将在乌克兰中部建设大型太阳能电站》,已为您添加到数据库
发现新视频(或图片故事)：《中国公司再与乌克兰签署港口疏浚项目合同》,已为您添加到数据库
发现新视频(或图片故事)：《中国承建铁路造福东非：改变14年来只能靠卡车运输的历史》,已为您添加到数据库
发现新视频(或图片故事)：《粤港澳大湾区金融创新前景好》,已为您添加到数据库
发现新视频(或图片故事)：《“一带一路”加速华商“回流”》,已为您添加到数据库
发现新视频(或图片故事)：《中企承建斯里兰卡米尼佩水坝加高项目开工》,已为您添加到数据库
发现新视频(或图片故事)：《王晓涛任国家国际发展合作署署长 长期从事投资管理工作》,已为您添加到数据库
发现新视频(或图片故事)：《“一带一路”，泰国南部发展新动力》,已为您添加到数据库
发现新视频(或图片故事)：《中马合作建设马来西亚南部铁路项目正式开工》,已为您添加到数据库
发现新视频(或图片故事)：《中缅国际通道广大铁路全线铺通》,已为您添加到数据库
发现新视频(或图片故事)：《中国和老挝将正式建立知识产权双边合作关系》,已为您添加到数据库
发现新视频(或图片故事)：《“一带一路”助推来华留学潮》,已为您添加到数据库
发现新视频(或图片故事)：《杜氏清花（越南）——“为我们的新时代放歌”》,已为您添加到数据库
发现新视频(或图片故事)：《白振国（土耳其）——“越了解越想亲近中国”》,已为您添加到数据库
发现新视频(或图片故事)：《乌大伟（巴基斯坦）——“有困难，就找‘彩虹君’”》,已为您添加到数据库
发现新视频(或图片故事)：《津巴布韦总统姆南加古瓦：津巴布韦将全方位参与“一带一路”建设》,已为您添加到数据库
发现新视频(或图片故事)：《让印度洋上的明珠焕发夺目光彩》,已为您添加到数据库
发现新视频(或图片故事)：《中蒙最大铁路口岸货运量创新高 开通中欧班列线路22条》,已为您添加到数据库
发现新视频(或图片故事)：《我国11个自贸试验区启动协同开放》,已为您添加到数据库
发现新视频(或图片故事)：《“中车给了我人生最大的机遇”》,已为您添加到数据库
发现新视频(或图片故事)：《让发展中国家成为多边开发银行大股东》,已为您添加到数据库
发现新视频(或图片故事)：《2017年出国留学人数首破60万 “一带一路”沿线国家成热门》,已为您添加到数据库
发现新视频(或图片故事)：《1—2月福建自“一带一路”沿线国家进出口同比增长30.3%》,已为您添加到数据库
发现新视频(或图片故事)：《王毅会见缅甸副总统亨利班提育》,已为您添加到数据库
发现新视频(或图片故事)：《丝绸之路国际剧院联盟总部落户北京》,已为您添加到数据库
发现新视频(或图片故事)：《湄公河流域国家完全可以成为“一带一路”的重要合作伙伴》,已为您添加到数据库
发现新视频(或图片故事)：《中企承建尼日利亚深水港》,已为您添加到数据库
发现新视频(或图片故事)：《中科院助力绿色“一带一路”通向孟加拉国》,已为您添加到数据库
发现新视频(或图片故事)：《 “一带一路”贸易投资论坛将举办》,已为您添加到数据库
发现新视频(或图片故事)：《中意投资促进中心在重庆成立》,已为您添加到数据库
发现新视频(或图片故事)：《“一带一路”倡议推广活动走进科威特高校》,已为您添加到数据库
发现新视频(或图片故事)：《“一带一路”让平价海鲜飞入“油城”》,已为您添加到数据库
发现新视频(或图片故事)：《推进“一带一路”建设工作领导小组办公室赴陕西调研》,已为您添加到数据库
发现新视频(或图片故事)：《推进“一带一路”建设工作领导小组办公室赴陕西调研》,已为您添加到数据库
发现新视频(或图片故事)：《中英联合建“绿色金融中心” 首个项目将花落雄安》,已为您添加到数据库
发现新视频(或图片故事)：《国家发展和改革委员会与香港特别行政区政府  关于支持香港全面参与和助力  “一带一路”建设的安排》,已为您添加到数据库
发现新视频(或图片故事)：《河南新乡开通中亚班列 “丝绸之路经济带”又添新起点》,已为您添加到数据库
发现新视频(或图片故事)：《报告：“一带一路”沿线是构建全球能源互联网的重点地区》,已为您添加到数据库
发现新视频(或图片故事)：《于洪君：把“一带一路”打造为在全球范围播撒生态文明的世纪工程》,已为您添加到数据库
发现新视频(或图片故事)：《斯里兰卡国家经济委员会秘书长：“一带一路”倡议为斯带来重大发展机遇》,已为您添加到数据库
发现新视频(或图片故事)：《老挝北部的中老铁路建设如火如荼》,已为您添加到数据库
发现新视频(或图片故事)：《深化“一带一路”货币金融合作》,已为您添加到数据库
发现新视频(或图片故事)：《上海致力建成“一带一路”投融资中心》,已为您添加到数据库
发现新视频(或图片故事)：《团聚的喜悦 活跃的商贸》,已为您添加到数据库
发现新视频(或图片故事)：《贝宁驻华大使：借力“一带一路”，贝中两国将迈向共同发展的“新时代”》,已为您添加到数据库
发现新视频(或图片故事)：《斯洛文尼亚前总统：“一带一路”倡议激发全球绿色发展新思路》,已为您添加到数据库
发现新视频(或图片故事)：《韩正会见世界银行首席执行官格奥尔基耶娃》,已为您添加到数据库
发现新视频(或图片故事)：《中国国际专利申请全球第二   "一带一路"知识产权合作加速》,已为您添加到数据库
发现新视频(或图片故事)：《丝路基金为共赢架金桥（新征程新篇章）》,已为您添加到数据库
发现新视频(或图片故事)：《为世界经济发展带来更多机遇》,已为您添加到数据库
发现新视频(或图片故事)：《“丝绸之路文化之夜”艺术展在阿富汗举行》,已为您添加到数据库
发现新视频(或图片故事)：《扎根埃及畜牧大省的中国“新希望”》,已为您添加到数据库
发现新视频(或图片故事)：《中越边境新开公路客货运输口岸》,已为您添加到数据库
发现新视频(或图片故事)：《中国驻新大使洪小勇：中新企业将继续携手拓展“一带一路”市场》,已为您添加到数据库
发现新视频(或图片故事)：《“一带一路”成世界经济新看点》,已为您添加到数据库
发现新视频(或图片故事)：《葡萄牙外长说葡希望积极融入“一带一路”建设》,已为您添加到数据库
发现新视频(或图片故事)：《中国电建董事长晏志勇：“一带一路”建设不能穿旧鞋走新路》,已为您添加到数据库
发现新视频(或图片故事)：《新疆印发《关于促进物流业发展的指导意见》》,已为您添加到数据库
发现新视频(或图片故事)：《王兆星：打造金融服务网络为“一带一路”建设铺路搭桥》,已为您添加到数据库
发现新视频(或图片故事)：《中国发展高层论坛：“一带一路”建设机遇属于全世界》,已为您添加到数据库
发现新视频(或图片故事)：《2018深圳“一带一路”国际音乐季开幕》,已为您添加到数据库
发现新视频(或图片故事)：《安徽与“一带一路”沿线国家外贸持续增长》,已为您添加到数据库
发现新视频(或图片故事)：《阿联酋将参加中国国际进口博览会国家展》,已为您添加到数据库
发现新视频(或图片故事)：《重庆首次由陆路“南向通道”进口东南亚水果》,已为您添加到数据库
发现新视频(或图片故事)：《在马中国商会进一步加强与当地马来商会合作》,已为您添加到数据库
发现新视频(或图片故事)：《2018年前两个月河南对“一带一路”沿线国家进出口增长17.2%》,已为您添加到数据库
发现新视频(或图片故事)：《泰官员说中泰铁路合作项目一期首段工程进展顺利》,已为您添加到数据库
发现新视频(或图片故事)：《央行：放开外商投资支付机构准入限制》,已为您添加到数据库
发现新视频(或图片故事)：《胡晓炼：推进中国企业海外投资建设运营一体化》,已为您添加到数据库
发现新视频(或图片故事)：《2018年前两月山东对“一带一路”沿线出口增长13.3%》,已为您添加到数据库
发现新视频(或图片故事)：《1-2月湖北省对“一带一路”沿线国家进出口131.3亿元，增长35%》,已为您添加到数据库
发现新视频(或图片故事)：《“一带一路”走进捷克大学课堂》,已为您添加到数据库
发现新视频(或图片故事)：《外交部发言人：“一带一路”为全球企业带来重大机遇》,已为您添加到数据库
发现新视频(或图片故事)：《更多“一带一路”沿线商家来香港国际影视展寻觅商机》,已为您添加到数据库
发现新视频(或图片故事)：《马拉维总统：中非纺织项目推动马拉维工业化进程》,已为您添加到数据库
发现新视频(或图片故事)：《亚投行首个对华项目签约助力“北京蓝”》,已为您添加到数据库
发现新视频(或图片故事)：《土耳其驻华大使：北京的空气质量得到很大改善》,已为您添加到数据库
发现新视频(或图片故事)：《河北省对“一带一路”沿线国家进出口同比增13.3%》,已为您添加到数据库
发现新视频(或图片故事)：《帕西格河上建设中菲友谊桥》,已为您添加到数据库
发现新视频(或图片故事)：《看到香港以外的更广空间和机遇》,已为您添加到数据库
发现新视频(或图片故事)：《菲律宾将发行熊猫债》,已为您添加到数据库
发现新视频(或图片故事)：《中企参建巴西港口正式奠基》,已为您添加到数据库
发现新视频(或图片故事)：《巴拿马驻华大使：巴拿马希望成为“一带一路”倡议中关键的一点》,已为您添加到数据库
发现新视频(或图片故事)：《中缅合建天然气电厂竣工助缅供电》,已为您添加到数据库
发现新视频(或图片故事)：《中国国际进口博览会推介会在比利时举行》,已为您添加到数据库
发现新视频(或图片故事)：《中欧班列（重庆）通道延伸至越南 串连欧洲与东南亚》,已为您添加到数据库
发现新视频(或图片故事)：《“一带一路”马中友好钢琴交响音乐会在吉隆坡举行》,已为您添加到数据库
发现新视频(或图片故事)：《丝路主题音乐会奏响马德里》,已为您添加到数据库
发现新视频(或图片故事)：《李干杰：“一带一路”只有走绿色发展之路才能行稳致远》,已为您添加到数据库
发现新视频(或图片故事)：《新西兰驻华大使：中国发展开放型经济广受世界欢迎》,已为您添加到数据库
发现新视频(或图片故事)：《2018年前两月中国吸引外资势头旺》,已为您添加到数据库
发现新视频(或图片故事)：《爱尔兰副总理：爱尔兰愿做中国在欧盟内的真诚朋友》,已为您添加到数据库
发现新视频(或图片故事)：《斯里兰卡总理表示愿为斯中大项目合作解决实际困难》,已为您添加到数据库
发现新视频(或图片故事)：《今年首两月广西对“一带一路”沿线国家进出口高速增长》,已为您添加到数据库
发现新视频(或图片故事)：《卢春房：愿与“一带一路”参与国共享中国高铁技术的发展成果和经验》,已为您添加到数据库
发现新视频(或图片故事)：《上交所：拓宽“一带一路”建设直接融资渠道》,已为您添加到数据库
发现新视频(或图片故事)：《国家发改委王晓涛副主任主持召开中欧班列建设专题会议》,已为您添加到数据库
发现新视频(或图片故事)：《孟高官积极评价“一带一路”推动孟中合作》,已为您添加到数据库
发现新视频(或图片故事)：《组建国家国际发展合作署 “援外”效率将全面提升》,已为您添加到数据库
发现新视频(或图片故事)：《浙江前2月外贸进出口增速居主要沿海外贸省市首位》,已为您添加到数据库
发现新视频(或图片故事)：《第15届中国—东盟博览会将于9月在南宁举行》,已为您添加到数据库
发现新视频(或图片故事)：《国资委主任肖亚庆：欢迎"一带一路"相关国家企业进入中国市场》,已为您添加到数据库
发现新视频(或图片故事)：《“一带一路”倡议带动中企在东南亚投资》,已为您添加到数据库
发现新视频(或图片故事)：《新加坡驻华大使：“一带一路”是两国未来发展的主要焦点》,已为您添加到数据库
发现新视频(或图片故事)：《王义桅：推动“一带一路”建设行稳致远》,已为您添加到数据库
发现新视频(或图片故事)：《第三届“丝绸之路”中印音乐节在孟买举行》,已为您添加到数据库
发现新视频(或图片故事)：《哈萨克斯坦驻华大使：中国已为其他国家做出了开放的榜样》,已为您添加到数据库
发现新视频(或图片故事)：《日媒：日企蹭上“一带一路”中欧班列》,已为您添加到数据库
发现新视频(或图片故事)：《中企参建巴水电站项目首台机组投产》,已为您添加到数据库
发现新视频(或图片故事)：《商务部回应国际关切》,已为您添加到数据库
发现新视频(或图片故事)：《中吉乌国际道路首批农副产品货物进入新疆喀什综合保税区》,已为您添加到数据库
发现新视频(或图片故事)：《泰国宋卡府举办“海上丝绸之路”展览》,已为您添加到数据库
发现新视频(或图片故事)：《俄罗斯中国“一带一路”贸促会在莫斯科成立》,已为您添加到数据库
发现新视频(或图片故事)：《中企投资乌干达工业园区启动建设》,已为您添加到数据库
发现新视频(或图片故事)：《苏拉卡塔·提雷拉：为非洲发展打开机遇之窗》,已为您添加到数据库
发现新视频(或图片故事)：《全国政协委员曲星：中比“一带一路”合作亮点频出》,已为您添加到数据库
发现新视频(或图片故事)：《上海海关关区今年1月对“一带一路”沿线国家和地区进出口1246.8亿元》,已为您添加到数据库
发现新视频(或图片故事)：《金融更开放 监管不放松》,已为您添加到数据库
发现新视频(或图片故事)：《中欧班列（重庆）实现进口纸浆专列常态化运行》,已为您添加到数据库
发现新视频(或图片故事)：《中国驻德大使：“一带一路”为全球化注入新动力》,已为您添加到数据库
发现新视频(或图片故事)：《李惠东委员代表民革中央发言：加强西北区域统筹协调 推进“一带一路”建设》,已为您添加到数据库
发现新视频(或图片故事)：《刘绍喜：在“一带一路”中展示大国企业责任担当》,已为您添加到数据库
发现新视频(或图片故事)：《“一带一路”为中国宁夏和日本商界搭建合作桥梁》,已为您添加到数据库
发现新视频(或图片故事)：《王毅答记者问：“一带一路”建设坚持公开透明 谋求互利共赢》,已为您添加到数据库
发现新视频(或图片故事)：《第三届丝绸之路国际博览会5月11日至15日在西安举办》,已为您添加到数据库
发现新视频(或图片故事)：《政协委员谈“一带一路”倡议：成果已现 前景光明》,已为您添加到数据库
发现新视频(或图片故事)：《扶贫办：通过“一带一路”合作可促进国际减贫》,已为您添加到数据库
发现新视频(或图片故事)：《瓜达尔港开通集装箱班轮航线 连通巴基斯坦和中东地区》,已为您添加到数据库
发现新视频(或图片故事)：《“一带一路”成人大代表建议高频词 》,已为您添加到数据库
发现新视频(或图片故事)：《中埃合建光缆厂投产》,已为您添加到数据库
发现新视频(或图片故事)：《外媒聚焦中国两会：经济进入新时代 “改革”成关键词》,已为您添加到数据库
发现新视频(或图片故事)：《宁吉喆：改善投资环境仍然在路上 将继续出台"硬"措施》,已为您添加到数据库
发现新视频(或图片故事)：《马来西亚驻华大使：中国的创新为发展中国家提供负担得起的替代方案》,已为您添加到数据库
发现新视频(或图片故事)：《首单境内上市公司“一带一路”公司债发行》,已为您添加到数据库
发现新视频(或图片故事)：《马化腾代表：希望粤港澳大湾区在“一带一路”建设中扮演重要角色》,已为您添加到数据库
发现新视频(或图片故事)：《雷军：鼓励民营企业参与“一带一路” 提升中国制造和设计》,已为您添加到数据库
发现新视频(或图片故事)：《中国进入“两会时间” 国际舆论聚焦中国》,已为您添加到数据库
发现新视频(或图片故事)：《外国驻华使节关注两会 点赞“一带一路”倡议》,已为您添加到数据库
发现新视频(或图片故事)：《“一带一路”上的春节：江苏人在巴林》,已为您添加到数据库
发现新视频(或图片故事)：《沪深交易所发布开展“一带一路”债券试点的通知》,已为您添加到数据库
发现新视频(或图片故事)：《中马钦州产业园区发展成就获马来西亚政商界点赞》,已为您添加到数据库
发现新视频(或图片故事)：《中华人民共和国和汤加王国联合新闻公报》,已为您添加到数据库
发现新视频(或图片故事)：《重庆与“一带一路”沿线国家跨境人民币结算破千亿》,已为您添加到数据库
发现新视频(或图片故事)：《西方银行“约会”“一带一路”》,已为您添加到数据库
发现新视频(或图片故事)：《伊斯兰开发银行将与亚投行建立合作伙伴关系》,已为您添加到数据库
发现新视频(或图片故事)：《国家统计局公布2017年“一带一路”建设成绩单》,已为您添加到数据库
发现新视频(或图片故事)：《泰商业部长：“一带一路”倡议为泰国带来更多发展机遇》,已为您添加到数据库
发现新视频(或图片故事)：《马来西亚总理说与中国的合作带来了双赢》,已为您添加到数据库
发现新视频(或图片故事)：《“蓉欧+”东盟国际铁路通道首次试运成功》,已为您添加到数据库
发现新视频(或图片故事)：《全国政协常委杨胜群：中医药“走出去”与“一带一路”建设》,已为您添加到数据库
发现新视频(或图片故事)：《中国向柬埔寨援助现代化医疗设备》,已为您添加到数据库
发现新视频(或图片故事)：《中吉乌国际公路货运正式运行—— 中亚再拓一带一路通道》,已为您添加到数据库
发现新视频(或图片故事)：《希腊比港首迎2万标准箱级集装箱船》,已为您添加到数据库
发现新视频(或图片故事)：《新政实施，境外投资稳步再出发》,已为您添加到数据库
发现新视频(或图片故事)：《新疆开行第1000列中欧班列 首次至意大利那不勒斯》,已为您添加到数据库
发现新视频(或图片故事)：《哈萨克斯坦首部《汉哈大辞典》在阿斯塔纳举行首发式》,已为您添加到数据库
发现新视频(或图片故事)：《敦煌研究院将成套文保技术向“一带一路”沿线国家推广应用》,已为您添加到数据库
发现新视频(或图片故事)：《宁夏融入“一带一路”建设 与伊朗签约1000MW光伏发电项目》,已为您添加到数据库
发现新视频(或图片故事)：《法国专家：“一带一路”将帮助世界化解经济发展风险》,已为您添加到数据库
发现新视频(或图片故事)：《德研究报告：“一带一路”倡议为德企创造巨大机遇》,已为您添加到数据库
发现新视频(或图片故事)：《“春节里，我们架起一座友谊的桥梁”》,已为您添加到数据库
发现新视频(或图片故事)：《中国能建承建老挝南涧水电站两台机组通过试运行》,已为您添加到数据库
发现新视频(或图片故事)：《银监会修改外资银行行政许可事项实施办法》,已为您添加到数据库
发现新视频(或图片故事)：《“一带一路”再结硕果 首批白俄输华牛肉飞抵上海》,已为您添加到数据库
发现新视频(或图片故事)：《中企助力马来西亚打造智慧城市》,已为您添加到数据库
发现新视频(或图片故事)：《王义桅：错失“一带一路”，西方将来定会后悔》,已为您添加到数据库
发现新视频(或图片故事)：《招商局港口收购巴西港口正式交割》,已为您添加到数据库
发现新视频(或图片故事)：《中企对白俄罗斯铁路电气化改造推动当地经济发展》,已为您添加到数据库
发现新视频(或图片故事)：《中巴经济走廊项目巴方员工：希望中国兄弟继续帮助我们发展》,已为您添加到数据库
发现新视频(或图片故事)：《杨永红：防止对人类命运共同体理念的曲解》,已为您添加到数据库
发现新视频(或图片故事)：《“中国制造”沿着越南轻轨延伸》,已为您添加到数据库
发现新视频(或图片故事)：《中国驻法国大使翟隽: “一带一路”是今年中法合作主要着眼点之一》,已为您添加到数据库
发现新视频(或图片故事)：《“中国造”蒙内铁路激活东非商业版图》,已为您添加到数据库
发现新视频(或图片故事)：《斯洛文尼亚前总统图尔克：“一带一路”倡议有助弥合欧洲地区发展差异》,已为您添加到数据库
发现新视频(或图片故事)：《中俄友好、和平与发展委员会地方合作理事会会议举行》,已为您添加到数据库
发现新视频(或图片故事)：《中国和爱沙尼亚期待深化科技领域合作 助力“一带一路”建设》,已为您添加到数据库
发现新视频(或图片故事)：《韩国成立“一带一路研究院” 将于3月发行三语版本学术期刊》,已为您添加到数据库
发现新视频(或图片故事)：《外汇局：进一步提升跨境贸易投资自由化便利化水平》,已为您添加到数据库
发现新视频(或图片故事)：《南非标准银行与银联达成合作协议 支付便利化助推中非经贸》,已为您添加到数据库
发现新视频(或图片故事)：《荷兰王国国王今起访华 将听取专家介绍“一带一路”》,已为您添加到数据库
发现新视频(或图片故事)：《经济参考报：“一带一路”提供机遇 人民币国际化重新驶入快车道》,已为您添加到数据库
发现新视频(或图片故事)：《人民币走强刺激中国春节出境游市场 预估达650万人次》,已为您添加到数据库
发现新视频(或图片故事)：《“欢乐春节”新春游园会在孟加拉国举行》,已为您添加到数据库
发现新视频(或图片故事)：《泰国政府不断改善经商与投资环境 2017年吸引外资超200亿美元》,已为您添加到数据库
发现新视频(或图片故事)：《“中国式支付”在全球“逆袭” 覆盖数十个国家地区线下消费》,已为您添加到数据库
发现新视频(或图片故事)：《德媒：1万家中国企业25万多名中国人活跃在非洲》,已为您添加到数据库
发现新视频(或图片故事)：《中欧班列整体运输费用较开行初期下降近四成 货源扩展至206个品种》,已为您添加到数据库
发现新视频(或图片故事)：《2017年中国服务进出口总额46991.1亿元 同比增长6.8%》,已为您添加到数据库
发现新视频(或图片故事)：《“一带一路”为中匈合作提供新机遇 中欧商贸物流园吸引200余家中企入驻》,已为您添加到数据库
发现新视频(或图片故事)：《中国驻泗水总领事顾景奇：中企将为印尼创造更多增长点》,已为您添加到数据库
发现新视频(或图片故事)：《香港特区政府官员：把参与“一带一路”工作落到实处是施政焦点》,已为您添加到数据库
发现新视频(或图片故事)：《中国对拉美直接投资超2000亿美元 跨境电商合作成亮点》,已为您添加到数据库
发现新视频(或图片故事)：《中国援柬流动诊所项目签约》,已为您添加到数据库
发现新视频(或图片故事)：《金立群：香港在“一带一路”基建项目中可起重要作用》,已为您添加到数据库
发现新视频(或图片故事)：《王义桅：中英共建“一带一路” 将再现“亚投行效应”》,已为您添加到数据库
发现新视频(或图片故事)：《王义桅：中英共同打造“黄金时代”增强版》,已为您添加到数据库
发现新视频(或图片故事)：《李俊鑫：构建人类命运共同体是世界历史发展的必然选择》,已为您添加到数据库
发现新视频(或图片故事)：《王毅会见阿联酋国务部长：打造共建“一带一路”样板工程》,已为您添加到数据库
发现新视频(或图片故事)：《凌胜利：新型国际关系擘画人类未来》,已为您添加到数据库
发现新视频(或图片故事)：《特雷莎·梅访华之旅今开启 “黄金时代”蓝图转为更多“黄金成果”》,已为您添加到数据库
发现新视频(或图片故事)：《人民日报海外版：构建人类命运共同体超越零和博弈》,已为您添加到数据库
发现新视频(或图片故事)：《董川：孔子学院为构建人类命运共同体贡献力量》,已为您添加到数据库
发现新视频(或图片故事)：《陕西省推进绿色“一带一路”建设实施意见》,已为您添加到数据库
发现新视频(或图片故事)：《外交部副部长解读《中国的北极政策》白皮书》,已为您添加到数据库
发现新视频(或图片故事)：《《关于改进和加强海洋经济发展金融服务的指导意见》》,已为您添加到数据库
发现新视频(或图片故事)：《中国的北极政策》,已为您添加到数据库
发现新视频(或图片故事)：《《中国（浙江）自由贸易试验区条例》解读》,已为您添加到数据库
发现新视频(或图片故事)：《中国代表敦促通过“一带一路”倡议促进阿富汗及中亚经济发展》,已为您添加到数据库
发现新视频(或图片故事)：《2017对外投资合作国别（地区）指南-马达加斯加》,已为您添加到数据库
发现新视频(或图片故事)：《《青海省丝绸之路文化产业带发展规划及行动计划（2018-2025）》》,已为您添加到数据库
发现新视频(或图片故事)：《陕西省发展和改革委员会关于印发《进一步支持中国（陕西）自由贸易试验区建设的若干意见》的通知》,已为您添加到数据库
发现新视频(或图片故事)：《中华人民共和国政府和柬埔寨王国政府联合公报》,已为您添加到数据库
发现新视频(或图片故事)：《“一带一路”数据观丨“一带一路”的2017》,已为您添加到数据库
发现新视频(或图片故事)：《《标准联通共建“一带一路”行动计划 （2018-2020年）》》,已为您添加到数据库
发现新视频(或图片故事)：《2017对外投资合作国别（地区）指南-摩洛哥》,已为您添加到数据库
发现新视频(或图片故事)：《2017对外投资合作国别（地区）指南-黎巴嫩》,已为您添加到数据库
发现新视频(或图片故事)：《中国与摩尔多瓦正式启动自由贸易协定谈判》,已为您添加到数据库
发现新视频(或图片故事)：《中日执政党交流机制第七次会议举行 积极探讨“一带一路”具体合作项目》,已为您添加到数据库
发现新视频(或图片故事)：《“一带一路”数据观丨报告称国内近九成媒体及网友看好“一带一路” 最关注自贸区建设》,已为您添加到数据库
发现新视频(或图片故事)：《“一带一路”数据观丨“一带一路”企业影响力榜单揭晓 四点建议助企业“走出去”》,已为您添加到数据库
发现新视频(或图片故事)：《“一带一路”数据观丨中欧班列累计开行超6000列 成亚欧大陆物流陆路运输骨干通道》,已为您添加到数据库
发现新视频(或图片故事)：《“一带一路”数据观丨一图了解“一带一路”沿线国家信息化》,已为您添加到数据库
发现新视频(或图片故事)：《“一带一路”数据观丨语言服务业“偏科”严重 小语种服务能力严重匮乏》,已为您添加到数据库
发现新视频(或图片故事)：《“一带一路”数据观丨超九成媒体网民支持加强“一带一路”人才建设 十类人才最受关注》,已为您添加到数据库
发现新视频(或图片故事)：《中国—毛里求斯正式启动自由贸易协定谈判》,已为您添加到数据库
发现新视频(或图片故事)：《中国与津巴布韦签3份政府间合作协议 助力津经济社会发展》,已为您添加到数据库
发现新视频(或图片故事)：《“一带一路”数据观丨从“战略意图”到“各国合作”，海外对“一带一路”关注点由理念转向实务》,已为您添加到数据库
发现新视频(或图片故事)：《“一带一路”数据观丨报告称移动电话成“一带一路”沿线主要通信工具 有电脑但“缺宽带”》,已为您添加到数据库
发现新视频(或图片故事)：《中国—以色列自贸区第三轮谈判在以色列举行》,已为您添加到数据库
发现新视频(或图片故事)：《马尔代夫内阁批准签署马中自贸协定》,已为您添加到数据库
发现新视频(或图片故事)：《“一带一路”数据观丨“一带一路”沿线成来华留学生主要来源 人才交流呈宽领域多层次特点》,已为您添加到数据库
发现新视频(或图片故事)：《《中国对外贸易形势报告（2017年秋季）》发布》,已为您添加到数据库
发现新视频(或图片故事)：《习近平主席特使、十二届全国政协副主席马培华分别会见智利新任总统皮涅拉和卸任总统巴切莱特》,已为您添加到数据库
发现新视频(或图片故事)：《在美国体验浓浓的中国年味儿》,已为您添加到数据库
发现新视频(或图片故事)：《全球共欢腾 喜庆中国年》,已为您添加到数据库
发现新视频(或图片故事)：《当好中马两国民心相通的友好使者（寄给祖国的家书）》,已为您添加到数据库
发现新视频(或图片故事)：《五洲共欢庆 四海同迎春》,已为您添加到数据库
发现新视频(或图片故事)：《春节，中国文化走进泰国正当时》,已为您添加到数据库
发现新视频(或图片故事)：《开罗书展的“中国名片”》,已为您添加到数据库
发现新视频(或图片故事)：《 “欢乐春节”吹来中国风 外国民众感受中国年》,已为您添加到数据库
发现新视频(或图片故事)：《让全世界的华人笑在一起》,已为您添加到数据库
这个栏目长度为965,有583个是新视频，有381个是旧视频,坏连接1个
发现新视频(或图片故事)：《中宣部“文化进万家”江苏徐州启动​》,已为您添加到数据库
发现新视频(或图片故事)：《辽宁人民艺术剧院​演出《工匠世家》》,已为您添加到数据库
发现新视频(或图片故事)：《青海演艺集团平弦剧团西宁​演出》,已为您添加到数据库
发现新视频(或图片故事)：《青海演艺集团西宁举办​社火展演》,已为您添加到数据库
发现新视频(或图片故事)：《安徽演艺集团社区举办​演出》,已为您添加到数据库
发现新视频(或图片故事)：《青海演艺集团平弦剧团走进湟中县​》,已为您添加到数据库
发现新视频(或图片故事)：《山东吕剧院蒙阴县演出​》,已为您添加到数据库
发现新视频(或图片故事)：《青海电影小分队在民和县放映电影​》,已为您添加到数据库
发现新视频(或图片故事)：《 重庆曲艺团江北区演出​》,已为您添加到数据库
发现新视频(或图片故事)：《潮绣亮相广东潮州牌坊街》,已为您添加到数据库
发现新视频(或图片故事)：《潮州讲古在广东潮州牌坊街上演》,已为您添加到数据库
发现新视频(或图片故事)：《重庆曲艺团江北区演出​》,已为您添加到数据库
发现新视频(或图片故事)：《重庆群艺馆在两江新区演出​》,已为您添加到数据库
发现新视频(或图片故事)：《重庆群艺馆鸳鸯街道​演出》,已为您添加到数据库
发现新视频(或图片故事)：《山东吕剧院走进淄博博山区​》,已为您添加到数据库
发现新视频(或图片故事)：《重庆芭蕾舞团北碚区演出​》,已为您添加到数据库
发现新视频(或图片故事)：《重庆群艺馆两江新区​演出》,已为您添加到数据库
发现新视频(或图片故事)：《重庆杂技团在巴南区演出​》,已为您添加到数据库
发现新视频(或图片故事)：《海南琼剧院走进万宁》,已为您添加到数据库
发现新视频(或图片故事)：《重庆民族乐团南岸区​演出》,已为您添加到数据库
发现新视频(或图片故事)：《重庆京剧团渝北区​演出》,已为您添加到数据库
发现新视频(或图片故事)：《重庆京剧团渝北区龙溪镇演出​》,已为您添加到数据库
发现新视频(或图片故事)：《云南滇剧院昆明市、安宁市​惠民演出》,已为您添加到数据库
发现新视频(或图片故事)：《重庆民族乐团南岸区​演出》,已为您添加到数据库
发现新视频(或图片故事)：《重庆群艺馆两江新区演出​》,已为您添加到数据库
发现新视频(或图片故事)：《重庆京剧团​演出优秀传统折子戏》,已为您添加到数据库
发现新视频(或图片故事)：《福建人民艺术剧院演出《欢乐魔豆秀》​》,已为您添加到数据库
发现新视频(或图片故事)：《广东粤剧院演出​《五女拜寿》》,已为您添加到数据库
发现新视频(或图片故事)：《福建实验闽剧院​走进非遗博览苑》,已为您添加到数据库
发现新视频(或图片故事)：《广东粤剧院演出​《鹊桥会》》,已为您添加到数据库
发现新视频(或图片故事)：《重庆川剧院大渡口区演出​》,已为您添加到数据库
发现新视频(或图片故事)：《重庆歌舞团走进渝中区​》,已为您添加到数据库
发现新视频(或图片故事)：《广东粤剧院​演出《喜剧贺新春——粤剧折子戏喜剧专场》》,已为您添加到数据库
发现新视频(或图片故事)：《重庆歌剧院江北区​演出》,已为您添加到数据库
发现新视频(或图片故事)：《重庆曲艺团走进渝中区​》,已为您添加到数据库
发现新视频(或图片故事)：《黑龙江京剧院举办惠民演出》,已为您添加到数据库
发现新视频(或图片故事)：《安徽博物院举办贺新春活动​》,已为您添加到数据库
发现新视频(或图片故事)：《黑龙江歌舞剧院慰问某部队》,已为您添加到数据库
发现新视频(或图片故事)：《江苏曲艺小分队​常州演出》,已为您添加到数据库
发现新视频(或图片故事)：《重庆歌剧院江北区​演出》,已为您添加到数据库
发现新视频(或图片故事)：《重庆歌剧院开展​春季送演出进基层活动》,已为您添加到数据库
发现新视频(或图片故事)：《 中国民主党派历史陈列馆举办“​张澜家风轶事展”》,已为您添加到数据库
发现新视频(或图片故事)：《重庆图书馆​开展数字文化虚拟现实体验活动》,已为您添加到数据库
发现新视频(或图片故事)：《新疆文艺小分队走进独山子​》,已为您添加到数据库
发现新视频(或图片故事)：《上海歌剧院举办《星期广播音乐会》》,已为您添加到数据库
发现新视频(或图片故事)：《天津曲艺团走进​福禧社区》,已为您添加到数据库
发现新视频(或图片故事)：《天津北方演艺集团“红色文艺轻骑兵”文艺小分队走进北辰区》,已为您添加到数据库
发现新视频(或图片故事)：《重庆中国三峡博物馆推出“新春档”展览​》,已为您添加到数据库
发现新视频(或图片故事)：《青海演艺集团​民和县演出》,已为您添加到数据库
发现新视频(或图片故事)：《天津“红色文艺轻骑兵走进北辰区​》,已为您添加到数据库
发现新视频(或图片故事)：《安徽博物院走进长丰马郢社区​》,已为您添加到数据库
发现新视频(或图片故事)：《安徽美协走进六安市裕安区​》,已为您添加到数据库
发现新视频(或图片故事)：《青海​电影放映队走进化隆县》,已为您添加到数据库
发现新视频(或图片故事)：《重庆图书馆推出​年俗文化展》,已为您添加到数据库
发现新视频(或图片故事)：《山西文联走进太原​武警支队》,已为您添加到数据库
发现新视频(或图片故事)：《山东电影小分队走进聊城临清市​》,已为您添加到数据库
发现新视频(或图片故事)：《云南新华书店昆明​开办惠民书市》,已为您添加到数据库
发现新视频(或图片故事)：《天津青年京剧团慰问铁路职工》,已为您添加到数据库
发现新视频(或图片故事)：《天津曲协​北辰区演出》,已为您添加到数据库
发现新视频(或图片故事)：《​黑龙江京剧院航空大学演出》,已为您添加到数据库
发现新视频(或图片故事)：《山东书协​临沂、济南、聊城送祝福》,已为您添加到数据库
发现新视频(或图片故事)：《天津曲艺团走进静海​养老中心》,已为您添加到数据库
发现新视频(或图片故事)：《天津曲艺团走进越秀园社区》,已为您添加到数据库
发现新视频(或图片故事)：《辽宁广电都市频道走进​沈阳社区​》,已为您添加到数据库
发现新视频(或图片故事)：《北方演艺集团友好艺术团走进天津电力​》,已为您添加到数据库
发现新视频(或图片故事)：《湖北文联走进武汉江夏区​》,已为您添加到数据库
发现新视频(或图片故事)：《山东文化馆武警部队演出​》,已为您添加到数据库
发现新视频(或图片故事)：《山东电影展映小分队走进烟台龙口市敬老院​》,已为您添加到数据库
发现新视频(或图片故事)：《辽宁举办新春民族音乐会​》,已为您添加到数据库
发现新视频(或图片故事)：《青海电影​小分队走进大通县小寺村》,已为您添加到数据库
发现新视频(或图片故事)：《安徽摄协走进引江济淮工程工地​》,已为您添加到数据库
发现新视频(或图片故事)：《吉林交响乐团走进龙嘉机场​》,已为您添加到数据库
发现新视频(或图片故事)：《江苏曲艺小分队走进南通崇川区​》,已为您添加到数据库
发现新视频(或图片故事)：《安徽美协​开展送“文化年货“活动》,已为您添加到数据库
发现新视频(或图片故事)：《广东省第七届花灯文化节兴宁开幕》,已为您添加到数据库
发现新视频(或图片故事)：《河北文联走进石家庄公安局​》,已为您添加到数据库
发现新视频(或图片故事)：《重庆京剧团走进渝中区​》,已为您添加到数据库
发现新视频(或图片故事)：《天津北方演艺集团友好艺术团走进朝阳里社区​》,已为您添加到数据库
发现新视频(或图片故事)：《辽宁之声​举行“​公益红人榜”年度人物荣誉盛典》,已为您添加到数据库
发现新视频(或图片故事)：《国家大剧院在北京市农林科学院​演出》,已为您添加到数据库
发现新视频(或图片故事)：《海南琼剧院海口演出​《汉文皇后》》,已为您添加到数据库
发现新视频(或图片故事)：《 重庆美术馆举办迎春作品​展》,已为您添加到数据库
发现新视频(或图片故事)：《辽宁曲协走进大连​》,已为您添加到数据库
发现新视频(或图片故事)：《山东电影小分队走进菏泽成武县​》,已为您添加到数据库
发现新视频(或图片故事)：《安徽民协、舞协全椒​送“文化年货”》,已为您添加到数据库
发现新视频(或图片故事)：《青海海北州民族歌舞团慰问公安干警》,已为您添加到数据库
发现新视频(或图片故事)：《天津京剧院河西区​演出》,已为您添加到数据库
发现新视频(或图片故事)：《吉林省吉剧团在长春信阳社​区演出》,已为您添加到数据库
发现新视频(或图片故事)：《吉林省文联军营演出》,已为您添加到数据库
发现新视频(或图片故事)：《长春舞协、体育舞协社会福利院​演出》,已为您添加到数据库
发现新视频(或图片故事)：《荆楚红色文艺轻骑兵走进武警支队》,已为您添加到数据库
发现新视频(或图片故事)：《湖北荆楚“红色文艺轻骑兵”慰问民警》,已为您添加到数据库
发现新视频(或图片故事)：《陕西歌舞剧院民族乐团​举行“泾渭之春”民族音乐会》,已为您添加到数据库
发现新视频(或图片故事)：《天津河北梆子剧院走进河西区​》,已为您添加到数据库
发现新视频(或图片故事)：《重庆群众艺术馆上演2019新春贺岁惠民演出​》,已为您添加到数据库
发现新视频(或图片故事)：《上海群艺馆走进曲阳四小​》,已为您添加到数据库
发现新视频(或图片故事)：《河南郑州​举办“狮王”争霸活动》,已为您添加到数据库
发现新视频(或图片故事)：《陕西作协走进紫阳​》,已为您添加到数据库
发现新视频(或图片故事)：《山东莒县龙山古镇开展文艺演出​》,已为您添加到数据库
发现新视频(或图片故事)：《辽宁人民艺术剧院在于洪区演出​》,已为您添加到数据库
发现新视频(或图片故事)：《山东电影​小分队走进济宁敬老院》,已为您添加到数据库
发现新视频(或图片故事)：《安徽摄协走进金寨花石乡大湾村​》,已为您添加到数据库
发现新视频(或图片故事)：《山西文联走进纪委监委、​检察院》,已为您添加到数据库
发现新视频(或图片故事)：《青海文化馆西宁舞狮竞演》,已为您添加到数据库
发现新视频(或图片故事)：《武汉女摄协慰问军运村​》,已为您添加到数据库
发现新视频(或图片故事)：《钱江浪花艺术团德清​演出》,已为您添加到数据库
发现新视频(或图片故事)：《吉林电视台磐石演出》,已为您添加到数据库
发现新视频(或图片故事)：《辽宁之声辽中举办农民春晚​》,已为您添加到数据库
发现新视频(或图片故事)：《广西书协走进南宁市武鸣区​》,已为您添加到数据库
发现新视频(或图片故事)：《安徽文联江淮​公司送“文化年货”》,已为您添加到数据库
发现新视频(或图片故事)：《广西文联开展书写赠送春联活动》,已为您添加到数据库
发现新视频(或图片故事)：《河北舞协​走进平山》,已为您添加到数据库
发现新视频(或图片故事)：《钱江浪花艺术团杭州下城区​演出》,已为您添加到数据库
发现新视频(或图片故事)：《天津北方演艺集团走进武清​》,已为您添加到数据库
发现新视频(或图片故事)：《 天津青年友好使者艺术团走进特警总队​》,已为您添加到数据库
发现新视频(或图片故事)：《山东广播电视台走进济南长途汽车总站​》,已为您添加到数据库
发现新视频(或图片故事)：《 山东书协东营“送万福进万家”​》,已为您添加到数据库
发现新视频(或图片故事)：《安徽非遗中心走进合肥城隍庙​社区》,已为您添加到数据库
发现新视频(或图片故事)：《陕西蓝田小分队焦岱街村放​电影》,已为您添加到数据库
发现新视频(或图片故事)：《陕西“好歌唱三秦”​走进西安某部队》,已为您添加到数据库
发现新视频(或图片故事)：《天津​文艺志愿者协会走进消防总局》,已为您添加到数据库
发现新视频(或图片故事)：《中国文联​走进商飞基地》,已为您添加到数据库
发现新视频(或图片故事)：《河南美协走进舞阳​》,已为您添加到数据库
发现新视频(或图片故事)：《天津曲艺团参加西青文化旅游节》,已为您添加到数据库
发现新视频(或图片故事)：《山西歌舞剧院忻州举办春晚​》,已为您添加到数据库
发现新视频(或图片故事)：《山西曲艺团走进太原​社区》,已为您添加到数据库
发现新视频(或图片故事)：《北京文联走进丰台区​》,已为您添加到数据库
发现新视频(或图片故事)：《山西华夏之根艺术团​走进武警部队医院》,已为您添加到数据库
发现新视频(或图片故事)：《青海藏剧团走进尖扎县​》,已为您添加到数据库
发现新视频(或图片故事)：《青海​文化馆、西宁市群艺馆举办惠民演出》,已为您添加到数据库
发现新视频(或图片故事)：《青海文化馆互助县演出​》,已为您添加到数据库
发现新视频(或图片故事)：《山西书协​走进阳曲》,已为您添加到数据库
发现新视频(或图片故事)：《上海群艺馆走进武警部队​演出》,已为您添加到数据库
发现新视频(或图片故事)：《辽宁​举办非遗展示展演活动》,已为您添加到数据库
发现新视频(或图片故事)：《广东文艺志愿者走进老人院​》,已为您添加到数据库
发现新视频(或图片故事)：《广东韶关举行2019新春音乐会​》,已为您添加到数据库
发现新视频(或图片故事)：《浙​江演出杂技儿童剧《丑小鸭》》,已为您添加到数据库
发现新视频(或图片故事)：《吉林电视台​走进农安县》,已为您添加到数据库
发现新视频(或图片故事)：《甘肃省陇剧院​宕昌县演出》,已为您添加到数据库
发现新视频(或图片故事)：《北京书协赴大兴区​村委会慰问》,已为您添加到数据库
发现新视频(或图片故事)：《广西群艺​馆举办百姓迎春文艺演出》,已为您添加到数据库
发现新视频(或图片故事)：《楹联扇面书法邀请展在重庆美术馆​展出》,已为您添加到数据库
发现新视频(或图片故事)：《安徽博物院合肥送春联​》,已为您添加到数据库
发现新视频(或图片故事)：《湖北戏曲艺术剧院送戏到咸宁​》,已为您添加到数据库
发现新视频(或图片故事)：《安徽书协合肥南站开展文化志愿​活动》,已为您添加到数据库
发现新视频(或图片故事)：《湖南昆剧团走进苏仙区​》,已为您添加到数据库
发现新视频(或图片故事)：《上海群艺馆走进嘉定​》,已为您添加到数据库
发现新视频(或图片故事)：《晋剧《傅山进京》​太原上演》,已为您添加到数据库
发现新视频(或图片故事)：《青海文联走进海东市乐都区​》,已为您添加到数据库
发现新视频(或图片故事)：《青海剧协走进大通县长宁镇​》,已为您添加到数据库
发现新视频(或图片故事)：《山西文联浑源送春联​》,已为您添加到数据库
发现新视频(或图片故事)：《青海海北州民族歌舞团慰问武警部队​》,已为您添加到数据库
发现新视频(或图片故事)：《安徽歌舞剧院宿州​演出》,已为您添加到数据库
发现新视频(或图片故事)：《广西戏剧院河池天峨​演出》,已为您添加到数据库
发现新视频(或图片故事)：《河北摄​协临城开展​惠民活动》,已为您添加到数据库
发现新视频(或图片故事)：《河北作协安平举办​公益讲座》,已为您添加到数据库
发现新视频(或图片故事)：《河南举行打击乐专场惠民演出​》,已为您添加到数据库
发现新视频(或图片故事)：《山东剧协走进巨野​​‍》,已为您添加到数据库
发现新视频(或图片故事)：《陕西安康​举办2019少儿迎春联欢会》,已为您添加到数据库
发现新视频(或图片故事)：《湖北荆楚“红色文艺轻骑兵”走进部队》,已为您添加到数据库
发现新视频(或图片故事)：《重庆京剧团渝中区演出​《九江口》》,已为您添加到数据库
发现新视频(或图片故事)：《广西群艺馆南宁​演出》,已为您添加到数据库
发现新视频(或图片故事)：《新疆摄协走进麦盖提县​》,已为您添加到数据库
发现新视频(或图片故事)：《青海舞协西宁​城东区演出》,已为您添加到数据库
发现新视频(或图片故事)：《贵州杂技团走进盘州》,已为您添加到数据库
发现新视频(或图片故事)：《海南举办民歌爱心扶贫汇演》,已为您添加到数据库
发现新视频(或图片故事)：《中央歌剧院走进靖宇​》,已为您添加到数据库
发现新视频(或图片故事)：《天津演出公司走进静海区​》,已为您添加到数据库
发现新视频(或图片故事)：《​安徽乡村春晚黄山演出》,已为您添加到数据库
发现新视频(或图片故事)：《河南省京剧艺术中心​走进潢川》,已为您添加到数据库
发现新视频(或图片故事)：《河南省文联走进三门峡市陕州区》,已为您添加到数据库
发现新视频(或图片故事)：《河南省文联走进漯河市舞阳县​》,已为您添加到数据库
发现新视频(或图片故事)：《河南豫剧院三团走进郸城​》,已为您添加到数据库
发现新视频(或图片故事)：《河南豫剧院三团走进西华》,已为您添加到数据库
发现新视频(或图片故事)：《安徽美协淮北送“文化年货”​》,已为您添加到数据库
发现新视频(或图片故事)：《安徽书协蚌埠南站开展文化志愿​活动》,已为您添加到数据库
发现新视频(或图片故事)：《湖南昆剧团​社区惠民演出》,已为您添加到数据库
发现新视频(或图片故事)：《山西曲艺团​干休所慰问演》,已为您添加到数据库
发现新视频(或图片故事)：《广东文联广州举办迎春送福​活动》,已为您添加到数据库
发现新视频(或图片故事)：《陕西音协​西安​惠民演出​》,已为您添加到数据库
发现新视频(或图片故事)：《长春举办《新春诵读会》》,已为您添加到数据库
发现新视频(或图片故事)：《安徽歌舞剧院汴河村​演出》,已为您添加到数据库
发现新视频(或图片故事)：《安徽黄梅剧院合肥演出》,已为您添加到数据库
发现新视频(或图片故事)：《安徽黄梅戏剧院慰问丰原药业​》,已为您添加到数据库
发现新视频(或图片故事)：《安徽评协定远送“文化年货”》,已为您添加到数据库
发现新视频(或图片故事)：《安徽评协定远开展文化志愿​活动》,已为您添加到数据库
发现新视频(或图片故事)：《北京​文联走进密云》,已为您添加到数据库
发现新视频(或图片故事)：《中国评协走进福建上杭​》,已为您添加到数据库
发现新视频(或图片故事)：《重庆垫江举行惠民电影进万家​活动》,已为您添加到数据库
发现新视频(或图片故事)：《广西群艺馆崇左​演出》,已为您添加到数据库
发现新视频(或图片故事)：《河南​越调艺术保护传承中心走进周口​》,已为您添加到数据库
发现新视频(或图片故事)：《辽宁美协走进鞍山​》,已为您添加到数据库
发现新视频(或图片故事)：《湖北文联​空降兵军医院慰问演出》,已为您添加到数据库
发现新视频(或图片故事)：《北京文联走进延庆​》,已为您添加到数据库
发现新视频(或图片故事)：《福建京剧院走进福建少儿图书馆​》,已为您添加到数据库
发现新视频(或图片故事)：《 山西书协走进太钢​》,已为您添加到数据库
发现新视频(或图片故事)：《辽宁省文化和旅游厅在本溪​演出》,已为您添加到数据库
发现新视频(或图片故事)：《安徽文艺出版社走进建筑工地​》,已为您添加到数据库
发现新视频(或图片故事)：《甘肃歌剧院永靖县岘塬镇​演出》,已为您添加到数据库
发现新视频(或图片故事)：《甘肃歌剧院临夏市永靖县新寺乡​演出》,已为您添加到数据库
发现新视频(或图片故事)：《甘肃歌剧院平凉市寨子街​演出》,已为您添加到数据库
发现新视频(或图片故事)：《辽宁歌剧院文化志愿沈阳于洪区​演出》,已为您添加到数据库
发现新视频(或图片故事)：《 天津评剧白派剧团河西社区​演出》,已为您添加到数据库
发现新视频(或图片故事)：《北京美协走进昌平​》,已为您添加到数据库
发现新视频(或图片故事)：《​海北州民族歌舞团举办慰问演出》,已为您添加到数据库
发现新视频(或图片故事)：《陕西惠民演出走进部队​》,已为您添加到数据库
发现新视频(或图片故事)：《安徽舞协、民协走进马鞍山​》,已为您添加到数据库
发现新视频(或图片故事)：《天津曲艺团举办慰问演出》,已为您添加到数据库
发现新视频(或图片故事)：《天津评剧白派剧团​和平区演出》,已为您添加到数据库
发现新视频(或图片故事)：《云南文联​昆明火车站送祝福》,已为您添加到数据库
发现新视频(或图片故事)：《江苏曲协走进南通​》,已为您添加到数据库
发现新视频(或图片故事)：《四川文联理县文化惠民​》,已为您添加到数据库
发现新视频(或图片故事)：《浙江摄影出版社社区赠送图书​》,已为您添加到数据库
发现新视频(或图片故事)：《河北省艺术研究所送福到康保​》,已为您添加到数据库
发现新视频(或图片故事)：《吉林省戏曲剧院吉剧团社区​演出》,已为您添加到数据库
发现新视频(或图片故事)：《甘肃话剧院景泰演出​》,已为您添加到数据库
发现新视频(或图片故事)：《安徽美协马鞍山“文化年货”​》,已为您添加到数据库
发现新视频(或图片故事)：《安徽美协走进武警马鞍山市支队​》,已为您添加到数据库
发现新视频(或图片故事)：《“乡村文艺大讲堂”山东费县开讲》,已为您添加到数据库
发现新视频(或图片故事)：《河南剧协走进唐河县陈岗村》,已为您添加到数据库
发现新视频(或图片故事)：《重庆江津区上演《春风又绿几水岸》》,已为您添加到数据库
发现新视频(或图片故事)：《 陕西电影小分队杜城村放​电影》,已为您添加到数据库
发现新视频(或图片故事)：《​话剧《柳青》陕西大剧院演出》,已为您添加到数据库
发现新视频(或图片故事)：《四川音协理县​惠民演出》,已为您添加到数据库
发现新视频(或图片故事)：《安徽科技出版社合肥​送“文化年货”》,已为您添加到数据库
发现新视频(或图片故事)：《辽宁歌舞团朝阳演出》,已为您添加到数据库
发现新视频(或图片故事)：《辽宁曲协赴铁岭演出​》,已为您添加到数据库
发现新视频(或图片故事)：《辽宁摄协走进丹东​》,已为您添加到数据库
发现新视频(或图片故事)：《 重庆书协渝中区举行​送万福进万家活动》,已为您添加到数据库
发现新视频(或图片故事)：《海南琼剧院文昌​演出》,已为您添加到数据库
发现新视频(或图片故事)：《甘肃话剧院景泰​惠民演出》,已为您添加到数据库
发现新视频(或图片故事)：《天津歌舞剧院走进军交运研​所》,已为您添加到数据库
发现新视频(或图片故事)：《北京电台​走进养老社区送祝福》,已为您添加到数据库
发现新视频(或图片故事)：《山东话剧院寿光​街道演出》,已为您添加到数据库
发现新视频(或图片故事)：《山东话剧院​走进寿光​》,已为您添加到数据库
发现新视频(或图片故事)：《新疆书协高新区警务站送春联​》,已为您添加到数据库
发现新视频(或图片故事)：《国家大剧院举办​公益演出》,已为您添加到数据库
发现新视频(或图片故事)：《北京书协走进丰台机务段》,已为您添加到数据库
发现新视频(或图片故事)：《山西华夏之根艺术团走进长治武乡​》,已为您添加到数据库
发现新视频(或图片故事)：《山西文联走进消防救援总队​》,已为您添加到数据库
发现新视频(或图片故事)：《山东美术馆走进章丘​》,已为您添加到数据库
发现新视频(或图片故事)：《甘肃歌剧院平凉市崆峒区​演出》,已为您添加到数据库
发现新视频(或图片故事)：《上海京剧院主题讲座​》,已为您添加到数据库
发现新视频(或图片故事)：《浙江文联开展新春送福​活动》,已为您添加到数据库
发现新视频(或图片故事)：《浙江台州举办魔术专场​》,已为您添加到数据库
发现新视频(或图片故事)：《中国视协走进江西定南​》,已为您添加到数据库
发现新视频(或图片故事)：《安徽美协歙县送“文化年货”》,已为您添加到数据库
发现新视频(或图片故事)：《安徽​举办“新时代·新安徽”主题摄影展》,已为您添加到数据库
发现新视频(或图片故事)：《吉林电视台在伊通演出》,已为您添加到数据库
发现新视频(或图片故事)：《上海永乐嘉衡公益放映​》,已为您添加到数据库
发现新视频(或图片故事)：《天津人艺走进东丽区​》,已为您添加到数据库
发现新视频(或图片故事)：《浙江美术馆桐乡举办版画作品展​》,已为您添加到数据库
发现新视频(或图片故事)：《天津美协走进天津​第六中药厂 》,已为您添加到数据库
发现新视频(或图片故事)：《安徽美协在黄山送“文化年货”​》,已为您添加到数据库
发现新视频(或图片故事)：《天津文艺小分队走进武清区​》,已为您添加到数据库
发现新视频(或图片故事)：《广东文联​举办“送文化进军营”活动》,已为您添加到数据库
发现新视频(或图片故事)：《贵州黔剧院走进六盘水​》,已为您添加到数据库
发现新视频(或图片故事)：《河北心连心艺术团走进京石高速​》,已为您添加到数据库
发现新视频(或图片故事)：《江苏书协走进南京公交集团​》,已为您添加到数据库
发现新视频(或图片故事)：《湖北仙桃举办少儿春晚》,已为您添加到数据库
发现新视频(或图片故事)：《辽宁美协走进铁岭​》,已为您添加到数据库
发现新视频(或图片故事)：《浙江美术馆走进桐乡​》,已为您添加到数据库
发现新视频(或图片故事)：《“唱着奔小康”演出在河南南阳市举行》,已为您添加到数据库
发现新视频(或图片故事)：《湖南昆剧团走进郴州武警部队​》,已为您添加到数据库
发现新视频(或图片故事)：《四川​文联在南江演出》,已为您添加到数据库
发现新视频(或图片故事)：《重庆群众艺术馆走进江北区社区​》,已为您添加到数据库
发现新视频(或图片故事)：《 重庆群众艺术馆走进江明珠社区​》,已为您添加到数据库
发现新视频(或图片故事)：《陕西电影​小分队凤翔放映电影》,已为您添加到数据库
发现新视频(或图片故事)：《海南琼剧院文昌​宝溪村演出》,已为您添加到数据库
发现新视频(或图片故事)：《天津书协走进​建设工地》,已为您添加到数据库
发现新视频(或图片故事)：《天津民协走进和平区​养老院》,已为您添加到数据库
发现新视频(或图片故事)：《青海演艺集团走进大通​》,已为您添加到数据库
发现新视频(或图片故事)：《新疆文艺工作者和田演出​》,已为您添加到数据库
发现新视频(或图片故事)：《河北阜平县开展文化科技卫生“三下乡”​》,已为您添加到数据库
发现新视频(或图片故事)：《山东书画家济南西客站送祝福》,已为您添加到数据库
发现新视频(或图片故事)：《新疆摄协走进莎车县​》,已为您添加到数据库
发现新视频(或图片故事)：《辽宁视协铁岭七里村演出​》,已为您添加到数据库
发现新视频(或图片故事)：《青海文化馆走进同仁县​》,已为您添加到数据库
发现新视频(或图片故事)：《辽宁民协走进沈阳社区​》,已为您添加到数据库
发现新视频(或图片故事)：《国家大剧院在博兴街道​公益演出》,已为您添加到数据库
发现新视频(或图片故事)：《辽宁民协走进沈阳浑南区​》,已为您添加到数据库
发现新视频(或图片故事)：《辽宁歌剧院走进沈阳宜春社区​》,已为您添加到数据库
发现新视频(或图片故事)：《辽宁美术馆走进法库县​》,已为您添加到数据库
发现新视频(或图片故事)：《山东美术馆​走进淄博》,已为您添加到数据库
发现新视频(或图片故事)：《天津曲艺团走进津南区​》,已为您添加到数据库
发现新视频(或图片故事)：《安徽图书馆开展“​书籍送温暖”活动》,已为您添加到数据库
发现新视频(或图片故事)：《天津青年友好使者艺术团走进河西区​》,已为您添加到数据库
发现新视频(或图片故事)：《浙江海宁举办迎新年笔会​》,已为您添加到数据库
发现新视频(或图片故事)：《 上海群艺馆长宁​演出》,已为您添加到数据库
发现新视频(或图片故事)：《安徽广播电视台举办少儿春晚​》,已为您添加到数据库
发现新视频(或图片故事)：《安徽举办2019新春音乐会​》,已为您添加到数据库
发现新视频(或图片故事)：《安徽美协走进合肥中学​》,已为您添加到数据库
发现新视频(或图片故事)：《北京书协在管庄社区​慰问》,已为您添加到数据库
发现新视频(或图片故事)：《青海文化馆西宁社区展演​》,已为您添加到数据库
发现新视频(或图片故事)：《山东文化馆走进济南社会福利院​》,已为您添加到数据库
发现新视频(或图片故事)：《河南京剧艺术中心举办​新春京剧晚会》,已为您添加到数据库
发现新视频(或图片故事)：《北京文联走进海淀定慧西里社区​》,已为您添加到数据库
发现新视频(或图片故事)：《北京曲协昌平老年公寓​演出》,已为您添加到数据库
发现新视频(或图片故事)：《天津美协走进静海区​》,已为您添加到数据库
发现新视频(或图片故事)：《天津青年京剧团为公安干警​演出》,已为您添加到数据库
发现新视频(或图片故事)：《天津摄协、​书协走进宝坻》,已为您添加到数据库
发现新视频(或图片故事)：《北京摄协走进​大兴国际机场》,已为您添加到数据库
发现新视频(或图片故事)：《安徽书画院芜湖送“福”​》,已为您添加到数据库
发现新视频(或图片故事)：《​国家大剧院合唱团公益演出》,已为您添加到数据库
发现新视频(或图片故事)：《北京摄协​走进国家速滑馆》,已为您添加到数据库
发现新视频(或图片故事)：《浙江美术馆走进海宁中学​》,已为您添加到数据库
发现新视频(或图片故事)：《中国交响乐团走进山西静乐​》,已为您添加到数据库
发现新视频(或图片故事)：《山东电影小分队走进临沂敬老院​》,已为您添加到数据库
发现新视频(或图片故事)：《浙江期刊总社向留守儿童赠送​期刊》,已为您添加到数据库
发现新视频(或图片故事)：《黑龙江小分队慰问黄花村​农户》,已为您添加到数据库
发现新视频(或图片故事)：《黑龙江省直文艺小分队黑河北安市​演出》,已为您添加到数据库
发现新视频(或图片故事)：《黑龙江省直文艺小分队​北安演出》,已为您添加到数据库
发现新视频(或图片故事)：《辽宁歌剧院走进学校​》,已为您添加到数据库
发现新视频(或图片故事)：《山东话剧院走进寿光​》,已为您添加到数据库
发现新视频(或图片故事)：《新疆影协莎车​放映电影》,已为您添加到数据库
发现新视频(或图片故事)：《国家京剧院走进左权县​》,已为您添加到数据库
发现新视频(或图片故事)：《中国文联走进北京通州》,已为您添加到数据库
发现新视频(或图片故事)：《中国文联走进北京印钞公司​》,已为您添加到数据库
发现新视频(或图片故事)：《宁夏舞协走进盐池大水坑镇​》,已为您添加到数据库
发现新视频(或图片故事)：《青海文化馆走进民和官亭镇​》,已为您添加到数据库
发现新视频(或图片故事)：《​北京顺义区石家营村举行公益电影大讲堂》,已为您添加到数据库
发现新视频(或图片故事)：《山东电影展映小分队走进潍坊社会福利院​》,已为您添加到数据库
发现新视频(或图片故事)：《安徽黄梅戏剧院合肥南站演出》,已为您添加到数据库
发现新视频(或图片故事)：《安徽文化馆举办基层巡演​》,已为您添加到数据库
发现新视频(或图片故事)：《天津曲艺团进社区慰问演出》,已为您添加到数据库
发现新视频(或图片故事)：《天津舞协走进​杨柳青镇》,已为您添加到数据库
发现新视频(或图片故事)：《安徽评​协蚌埠送"文化年货"‍》,已为您添加到数据库
发现新视频(或图片故事)：《 天津文艺小分队走进武清区​》,已为您添加到数据库
发现新视频(或图片故事)：《天津青年友好使者艺术团走进河西区​》,已为您添加到数据库
发现新视频(或图片故事)：《 广西文联慰问南宁火车东站​》,已为您添加到数据库
发现新视频(或图片故事)：《贵州歌舞剧院正安演出​音乐剧《吉它吉他》》,已为您添加到数据库
发现新视频(或图片故事)：《江苏文联走进南京南站​》,已为您添加到数据库
发现新视频(或图片故事)：《辽宁剧协大连金普新区演出​》,已为您添加到数据库
发现新视频(或图片故事)：《辽宁剧协大连慰问演出》,已为您添加到数据库
发现新视频(或图片故事)：《上海昆剧团送戏进社区》,已为您添加到数据库
发现新视频(或图片故事)：《上海昆剧团走进徐汇区》,已为您添加到数据库
发现新视频(或图片故事)：《湖南昆剧团郴州演出》,已为您添加到数据库
发现新视频(或图片故事)：《​浙江德清举行“警民同欢”演出》,已为您添加到数据库
发现新视频(或图片故事)：《山东文艺广播走进济南历下区​》,已为您添加到数据库
发现新视频(或图片故事)：《山东电影小分队走进安丘敬老院》,已为您添加到数据库
发现新视频(或图片故事)：《上海举办公益电影专场》,已为您添加到数据库
发现新视频(或图片故事)：《重庆川剧院演出《江姐》​》,已为您添加到数据库
发现新视频(或图片故事)：《重庆文联走进渝北区​》,已为您添加到数据库
发现新视频(或图片故事)：《重庆文联走进涪陵区​》,已为您添加到数据库
发现新视频(或图片故事)：《 贵州话剧团​兴义演出《信仰》》,已为您添加到数据库
发现新视频(或图片故事)：《安徽剧协开展列车诗会​》,已为您添加到数据库
发现新视频(或图片故事)：《甘肃​文联西和县送欢乐下基层》,已为您添加到数据库
发现新视频(或图片故事)：《陕西宝鸡电影小分队走进千阳》,已为您添加到数据库
发现新视频(或图片故事)：《海南歌舞团云龙镇​惠民演出》,已为您添加到数据库
发现新视频(或图片故事)：《海南歌舞团走进龙井村​》,已为您添加到数据库
发现新视频(或图片故事)：《黑龙江省文化进万家小分队走进泰来​》,已为您添加到数据库
发现新视频(或图片故事)：《黑龙江文化进万家小分队泰来文化宫​演出》,已为您添加到数据库
发现新视频(或图片故事)：《青海藏剧团走进黄南州河南县​》,已为您添加到数据库
发现新视频(或图片故事)：《山东电影小分队走进威海​临港区》,已为您添加到数据库
发现新视频(或图片故事)：《甘肃曲艺团兰州城关区​演出》,已为您添加到数据库
发现新视频(或图片故事)：《甘肃​曲艺团兰州惠民演出》,已为您添加到数据库
发现新视频(或图片故事)：《甘肃文联走进西和县​》,已为您添加到数据库
发现新视频(或图片故事)：《 宁夏文联走进盐池、吴忠​》,已为您添加到数据库
发现新视频(或图片故事)：《甘肃秦腔艺术剧院走进靖远县刘川镇赵埫村​》,已为您添加到数据库
发现新视频(或图片故事)：《陕西电影小分队走进榆林市儿童福利院​》,已为您添加到数据库
发现新视频(或图片故事)：《贵州花灯剧院走进荔波​》,已为您添加到数据库
发现新视频(或图片故事)：《中央歌剧院助力龙庆峡冰灯艺术节演出》,已为您添加到数据库
发现新视频(或图片故事)：《中央歌剧院北京延庆​演出》,已为您添加到数据库
发现新视频(或图片故事)：《中央歌剧院慰问冬奥会场馆建设者​》,已为您添加到数据库
发现新视频(或图片故事)：《海南歌舞团走进文山村​演出》,已为您添加到数据库
发现新视频(或图片故事)：《安徽文联阜阳举办书画作品展》,已为您添加到数据库
发现新视频(或图片故事)：《青海启动​新春百场演出》,已为您添加到数据库
发现新视频(或图片故事)：《河南话剧艺术中心走进兰考​》,已为您添加到数据库
发现新视频(或图片故事)：《辽宁文化志愿者空军某部​演出》,已为您添加到数据库
发现新视频(或图片故事)：《福建文联举办“作家讲坛”​》,已为您添加到数据库
发现新视频(或图片故事)：《山东电影小分队走进德州敬老院》,已为您添加到数据库
发现新视频(或图片故事)：《青海文化馆走进三合村​》,已为您添加到数据库
发现新视频(或图片故事)：《甘肃秦腔艺术剧院靖远县​惠民演出》,已为您添加到数据库
发现新视频(或图片故事)：《安徽文化馆合肥举办赴基层巡演​》,已为您添加到数据库
发现新视频(或图片故事)：《安徽戏协在无为​送“文化年货”》,已为您添加到数据库
发现新视频(或图片故事)：《中央歌剧院走进北京延庆​》,已为您添加到数据库
发现新视频(或图片故事)：《中央歌剧院敬老院​演出》,已为您添加到数据库
发现新视频(或图片故事)：《贵阳演艺集团在清镇​演出》,已为您添加到数据库
发现新视频(或图片故事)：《安徽文艺志愿者在合肥​演出》,已为您添加到数据库
发现新视频(或图片故事)：《贵州文艺小分队在大冲村​演出》,已为您添加到数据库
发现新视频(或图片故事)：《安徽举办全国戏迷春晚》,已为您添加到数据库
发现新视频(或图片故事)：《贵州花灯剧院兴义​演出》,已为您添加到数据库
发现新视频(或图片故事)：《海南歌舞团海口市秀英区​演出》,已为您添加到数据库
发现新视频(或图片故事)：《海南歌舞团走进美富村​》,已为您添加到数据库
发现新视频(或图片故事)：《 天津作协​举办新春交流会》,已为您添加到数据库
发现新视频(或图片故事)：《中国音协走进济南章丘​》,已为您添加到数据库
发现新视频(或图片故事)：《江苏​京剧院举办精品折子戏演出》,已为您添加到数据库
发现新视频(或图片故事)：《江苏文艺志愿者宜​兴演出》,已为您添加到数据库
发现新视频(或图片故事)：《广东举办道德春联进万家活动》,已为您添加到数据库
发现新视频(或图片故事)：《广东粤剧院演出​《杨翠喜》》,已为您添加到数据库
发现新视频(或图片故事)：《山西晋剧走进南山路街道​》,已为您添加到数据库
发现新视频(或图片故事)：《安徽影视协放映电影》,已为您添加到数据库
发现新视频(或图片故事)：《安徽影视协公益放​电影》,已为您添加到数据库
发现新视频(或图片故事)：《北京电台走​进大兴国际机场》,已为您添加到数据库
发现新视频(或图片故事)：《天津歌舞剧院南开走基层》,已为您添加到数据库
发现新视频(或图片故事)：《辽宁歌剧院在沈阳某​部队演出》,已为您添加到数据库
发现新视频(或图片故事)：《西安人艺​上演《罗密欧与朱丽叶》》,已为您添加到数据库
发现新视频(或图片故事)：《辽宁省图书馆举办新春朗诵会》,已为您添加到数据库
发现新视频(或图片故事)：《辽宁音协慰问某部队》,已为您添加到数据库
发现新视频(或图片故事)：《 重庆曲艺团演出​《新神笔马良》》,已为您添加到数据库
发现新视频(或图片故事)：《福建文联走进漳州诏安​》,已为您添加到数据库
发现新视频(或图片故事)：《浙江书协走进宁波​北仑区》,已为您添加到数据库
发现新视频(或图片故事)：《​天津歌舞剧院走进养老院​》,已为您添加到数据库
发现新视频(或图片故事)：《青海文化馆西宁慰问演出​》,已为您添加到数据库
发现新视频(或图片故事)：《青海文化馆海东市平安区演出》,已为您添加到数据库
发现新视频(或图片故事)：《青海文化馆湟中县丹麻镇演出​》,已为您添加到数据库
发现新视频(或图片故事)：《甘肃秦腔艺术剧院平凉静宁县​演出》,已为您添加到数据库
发现新视频(或图片故事)：《天津市儿童艺术剧团走进河北区​》,已为您添加到数据库
发现新视频(或图片故事)：《天津评剧白派剧团走进树德里社区​》,已为您添加到数据库
发现新视频(或图片故事)：《贵阳演艺集团南明区​演出》,已为您添加到数据库
发现新视频(或图片故事)：《安徽影视协放映​电影》,已为您添加到数据库
发现新视频(或图片故事)：《安徽举办“明日之星”青年人才系列展演​》,已为您添加到数据库
发现新视频(或图片故事)：《贵阳文艺轻骑兵大地村​演出》,已为您添加到数据库
发现新视频(或图片故事)：《广东文艺志愿者韶关始兴​演出》,已为您添加到数据库
发现新视频(或图片故事)：《贵州话剧团凯里演出《信仰》》,已为您添加到数据库
发现新视频(或图片故事)：《贵州文联在息烽开展慰问演出​》,已为您添加到数据库
发现新视频(或图片故事)：《天津“红色文艺轻骑兵”走进河西区​社区》,已为您添加到数据库
发现新视频(或图片故事)：《江苏省美协走进南京鼓楼医院​》,已为您添加到数据库
发现新视频(或图片故事)：《安徽曲协宿州埇桥区​演出》,已为您添加到数据库
发现新视频(或图片故事)：《安徽曲协宿州慰问非遗传承基地​》,已为您添加到数据库
发现新视频(或图片故事)：《天津河北梆子剧院走进静海区​》,已为您添加到数据库
发现新视频(或图片故事)：《河南曲剧艺术保护传承中心走进淅川县​》,已为您添加到数据库
发现新视频(或图片故事)：《湖北广电​“红色文艺轻骑兵”走进潜江市老堤村》,已为您添加到数据库
发现新视频(或图片故事)：《 吉林文联延吉​朝阳村演出》,已为您添加到数据库
发现新视频(或图片故事)：《吉林文联​延吉演出》,已为您添加到数据库
发现新视频(或图片故事)：《浙江​文艺小分队余姚“三下乡”》,已为您添加到数据库
发现新视频(或图片故事)：《山东寿光启动新时代乡村阅读推广示范活动​》,已为您添加到数据库
发现新视频(或图片故事)：《重庆渝中区​举办《张一白重庆三部曲影像展》》,已为您添加到数据库
发现新视频(或图片故事)：《重庆京剧团演出​《凤还巢》》,已为您添加到数据库
发现新视频(或图片故事)：《山西歌舞剧院长治​演出》,已为您添加到数据库
发现新视频(或图片故事)：《重庆文联走进永川区​敬老院》,已为您添加到数据库
发现新视频(或图片故事)：《太原晋剧艺术研究院演出晋剧《于成龙​》》,已为您添加到数据库
发现新视频(或图片故事)：《陕西人艺演出话剧《平凡的世界》​》,已为您添加到数据库
发现新视频(或图片故事)：《北京文联怀柔举办​民俗庙会》,已为您添加到数据库
发现新视频(或图片故事)：《《宝贝好榜样》为沈阳老人送祝福》,已为您添加到数据库
发现新视频(或图片故事)：《辽宁歌舞团朝阳​演出》,已为您添加到数据库
发现新视频(或图片故事)：《云南花灯剧院慰问红河州驻地部队​》,已为您添加到数据库
发现新视频(或图片故事)：《山东话剧院​走进社区》,已为您添加到数据库
发现新视频(或图片故事)：《重庆文艺志愿者走进渝北区​》,已为您添加到数据库
发现新视频(或图片故事)：《山东文化小分队济南演出​》,已为您添加到数据库
发现新视频(或图片故事)：《辽宁​图书馆走进建昌》,已为您添加到数据库
发现新视频(或图片故事)：《陕西公益电影放映队​梁山村放电影》,已为您添加到数据库
发现新视频(或图片故事)：《​江西“赣鄱文艺轻骑兵”走进丰城》,已为您添加到数据库
发现新视频(或图片故事)：《甘肃省杂技团天祝县​演出》,已为您添加到数据库
发现新视频(或图片故事)：《荆楚红色文艺轻骑兵走进英山》,已为您添加到数据库
发现新视频(或图片故事)：《甘肃秦腔艺术剧院平凉静宁县​演出》,已为您添加到数据库
发现新视频(或图片故事)：《北京书协走进平谷区​、怀柔​》,已为您添加到数据库
发现新视频(或图片故事)：《山西​舞协走进太原老干部活动中心》,已为您添加到数据库
发现新视频(或图片故事)：《安徽文化馆怀宁举办美术摄影展​》,已为您添加到数据库
发现新视频(或图片故事)：《天津京剧院在河北区演出》,已为您添加到数据库
发现新视频(或图片故事)：《书法家株洲送春联》,已为您添加到数据库
发现新视频(或图片故事)：《浙江教育出版集团走进湖州​》,已为您添加到数据库
发现新视频(或图片故事)：《广西戏剧院永福演出文艺精品》,已为您添加到数据库
发现新视频(或图片故事)：《山西作家代县办讲座​》,已为您添加到数据库
发现新视频(或图片故事)：《陕西​放映惠民电影》,已为您添加到数据库
发现新视频(或图片故事)：《甘肃迭部开展文化进万家​》,已为您添加到数据库
发现新视频(或图片故事)：《甘肃肃北开展“三下乡”活动》,已为您添加到数据库
发现新视频(或图片故事)：《广西戏剧院苏桥镇​演出》,已为您添加到数据库
发现新视频(或图片故事)：《青海文艺志愿者海晏慰问​演出》,已为您添加到数据库
发现新视频(或图片故事)：《广东文艺志愿者走进英德市龙华村​》,已为您添加到数据库
发现新视频(或图片故事)：《贵州歌舞剧院走进赤水复兴镇​》,已为您添加到数据库
发现新视频(或图片故事)：《宁夏书协举办“送春联”活动》,已为您添加到数据库
发现新视频(或图片故事)：《陕西歌舞剧院举行惠民​演出》,已为您添加到数据库
发现新视频(或图片故事)：《上海群艺馆小分队走进世博园》,已为您添加到数据库
发现新视频(或图片故事)：《上海​群艺馆走进医药物流中心》,已为您添加到数据库
发现新视频(或图片故事)：《西藏达孜县开展“五下乡”活动》,已为您添加到数据库
发现新视频(或图片故事)：《河南豫剧院走进新蔡​》,已为您添加到数据库
发现新视频(或图片故事)：《吉林文联走进珲春市​》,已为您添加到数据库
发现新视频(或图片故事)：《江西文联​南昌“送福进万家”》,已为您添加到数据库
发现新视频(或图片故事)：《河南豫剧院新蔡大宋庄村​演出》,已为您添加到数据库
发现新视频(或图片故事)：《安徽曲协走进濉溪​》,已为您添加到数据库
发现新视频(或图片故事)：《天津舞协走进​咸水沽镇》,已为您添加到数据库
发现新视频(或图片故事)：《天津舞协走进西青区​》,已为您添加到数据库
发现新视频(或图片故事)：《西藏自治区"五下乡"活动​达孜区启动》,已为您添加到数据库
发现新视频(或图片故事)：《内蒙古鄂伦春自治旗慰问农猎区​》,已为您添加到数据库
发现新视频(或图片故事)：《山东电视志愿者滕州​开展文化活动》,已为您添加到数据库
发现新视频(或图片故事)：《山东广电志愿者走进广饶​》,已为您添加到数据库
发现新视频(或图片故事)：《陕西​咸阳泾阳公益放映电影》,已为您添加到数据库
发现新视频(或图片故事)：《上海越剧艺术传习所温州​演出《梁祝》》,已为您添加到数据库
发现新视频(或图片故事)：《上海越剧艺术传习所​温州上演《祥林嫂》》,已为您添加到数据库
发现新视频(或图片故事)：《湖南昆剧团​上演昆曲《乌石记》》,已为您添加到数据库
发现新视频(或图片故事)：《‍云南花灯剧院慰问昆明驻地部队​》,已为您添加到数据库
发现新视频(或图片故事)：《辽宁电声乐团社区演出​》,已为您添加到数据库
发现新视频(或图片故事)：《国家京剧院走进山东牟平​》,已为您添加到数据库
发现新视频(或图片故事)：《山东电影小分队走进青岛》,已为您添加到数据库
发现新视频(或图片故事)：《甘肃演艺集团赴静宁​演出》,已为您添加到数据库
发现新视频(或图片故事)：《山东话剧院走进泰安肥城​》,已为您添加到数据库
发现新视频(或图片故事)：《甘肃文联​矿区开展文化进万家活动》,已为您添加到数据库
发现新视频(或图片故事)：《山东话剧院泰安肥城演出​》,已为您添加到数据库
发现新视频(或图片故事)：《陕西剧协咸阳礼泉​演出》,已为您添加到数据库
发现新视频(或图片故事)：《陕西公益电影放映队走进合阳​》,已为您添加到数据库
发现新视频(或图片故事)：《陕西​开展“电影扶贫 圆梦小康”公益电影放映活动》,已为您添加到数据库
发现新视频(或图片故事)：《江西​举行“文化进万家 共创文明城”》,已为您添加到数据库
发现新视频(或图片故事)：《甘肃省杂技团武威市凉州区​演出》,已为您添加到数据库
发现新视频(或图片故事)：《甘肃省杂技团武威市武南镇​演出》,已为您添加到数据库
发现新视频(或图片故事)：《甘肃省杂技团武威市永丰镇​演出》,已为您添加到数据库
发现新视频(或图片故事)：《甘肃秦腔艺术剧院静宁县三合乡​演出》,已为您添加到数据库
发现新视频(或图片故事)：《辽宁舞协走进本溪​》,已为您添加到数据库
发现新视频(或图片故事)：《山西舞协走进太原迎泽区郝庄​》,已为您添加到数据库
发现新视频(或图片故事)：《辽宁文化文化小分走进沈阳社区​》,已为您添加到数据库
发现新视频(或图片故事)：《武汉说唱团戏曲进校园​》,已为您添加到数据库
发现新视频(或图片故事)：《湖北戏曲艺术剧院送戏到浠水​》,已为您添加到数据库
发现新视频(或图片故事)：《山东文化馆济南​社区开展文化活动》,已为您添加到数据库
发现新视频(或图片故事)：《山西文联走进阳泉​》,已为您添加到数据库
发现新视频(或图片故事)：《湖北十堰​举行“电视宽带进万家”活动》,已为您添加到数据库
发现新视频(或图片故事)：《天津书协走进西青区​》,已为您添加到数据库
发现新视频(或图片故事)：《安徽乐团、杂技团在肥东老街​演出》,已为您添加到数据库
发现新视频(或图片故事)：《贵州歌舞剧院在习水​演出》,已为您添加到数据库
发现新视频(或图片故事)：《天津青年友好使者艺术团走进河西区​》,已为您添加到数据库
发现新视频(或图片故事)：《贵州歌舞剧院习水开展冬旅​演出》,已为您添加到数据库
发现新视频(或图片故事)：《多彩贵州百姓大舞台走进玉屏》,已为您添加到数据库
发现新视频(或图片故事)：《‍天津演出公司走进东丽区​》,已为您添加到数据库
发现新视频(或图片故事)：《天津评剧白派剧团走进和平区​》,已为您添加到数据库
发现新视频(或图片故事)：《天津​京剧院国粹文化进校园》,已为您添加到数据库
发现新视频(或图片故事)：《广东民协举办“​我唱渔歌给党听”汇演》,已为您添加到数据库
发现新视频(或图片故事)：《广东文联走进惠州​》,已为您添加到数据库
发现新视频(或图片故事)：《广东文联英德举办​惠民活动》,已为您添加到数据库
发现新视频(或图片故事)：《安徽文化志愿者肥东基层演出》,已为您添加到数据库
发现新视频(或图片故事)：《吉林文艺工作者前郭​演出》,已为您添加到数据库
发现新视频(或图片故事)：《陕西歌舞剧院民族乐团举办 “新春音乐会”》,已为您添加到数据库
发现新视频(或图片故事)：《陕西举办“好歌唱三秦”​演出》,已为您添加到数据库
发现新视频(或图片故事)：《湖北广电“红色文艺小分队”走进十堰​》,已为您添加到数据库
发现新视频(或图片故事)：《 宁夏文艺小分队赴固原惠民演出》,已为您添加到数据库
发现新视频(或图片故事)：《海南文联定安送书画下乡​》,已为您添加到数据库
发现新视频(或图片故事)：《青海文联大通县演出​》,已为您添加到数据库
发现新视频(或图片故事)：《河北群艺馆走进阜平县​》,已为您添加到数据库
发现新视频(或图片故事)：《天津曲协​举办退役军人曲艺专场》,已为您添加到数据库
发现新视频(或图片故事)：《安徽曲协走进蒙城​》,已为您添加到数据库
发现新视频(或图片故事)：《重庆书协涪陵开展“书法送万福进万家”活动》,已为您添加到数据库
发现新视频(或图片故事)：《山东电影小分队走进威海​环翠区》,已为您添加到数据库
发现新视频(或图片故事)：《陕西​商洛举行公益电影放映活动》,已为您添加到数据库
发现新视频(或图片故事)：《陕西电影小分队走进​渭城区​》,已为您添加到数据库
发现新视频(或图片故事)：《四川美协走进乐山金山镇​》,已为您添加到数据库
发现新视频(或图片故事)：《四川文联“送欢乐·下基层”走进平昌​》,已为您添加到数据库
发现新视频(或图片故事)：《浙江歌舞剧院走进泰顺三魁镇​》,已为您添加到数据库
发现新视频(或图片故事)：《四川美协走进乐山​》,已为您添加到数据库
发现新视频(或图片故事)：《北京文联​前门大栅栏送福字》,已为您添加到数据库
发现新视频(或图片故事)：《北京文联走进石景山区​》,已为您添加到数据库
发现新视频(或图片故事)：《陕西演艺集团略阳​演出》,已为您添加到数据库
发现新视频(或图片故事)：《山东话剧院小分队走进肥城社区​》,已为您添加到数据库
发现新视频(或图片故事)：《陕西剧协大荔县​演出》,已为您添加到数据库
发现新视频(或图片故事)：《陕西公益放映小分队敬老院放​电影》,已为您添加到数据库
发现新视频(或图片故事)：《甘肃省杂技团古浪县​演出》,已为您添加到数据库
发现新视频(或图片故事)：《宁夏文联慰问青铜峡市驻军某部​》,已为您添加到数据库
发现新视频(或图片故事)：《新疆评协麦盖提​一中开展教育讲座》,已为您添加到数据库
发现新视频(或图片故事)：《天津儿童艺术剧团演出《小吉普变变变》》,已为您添加到数据库
发现新视频(或图片故事)：《青海省启动文化科技卫生“三下乡”活动​》,已为您添加到数据库
发现新视频(或图片故事)：《青海书法家​互助县写春联》,已为您添加到数据库
发现新视频(或图片故事)：《陕西公益​放映队雁塔区放​电影》,已为您添加到数据库
发现新视频(或图片故事)：《天津曲艺团在南开区​演出》,已为您添加到数据库
发现新视频(或图片故事)：《湖南昆剧团走进郴州​养老公寓》,已为您添加到数据库
发现新视频(或图片故事)：《浙江小百花越剧团在余姚​演出》,已为您添加到数据库
发现新视频(或图片故事)：《重庆话剧院演出儿童剧《龟兔赛跑​》​》,已为您添加到数据库
发现新视频(或图片故事)：《湖北文联​走进咸宁通山》,已为您添加到数据库
发现新视频(或图片故事)：《辽宁歌舞团抚顺惠民​演出》,已为您添加到数据库
发现新视频(或图片故事)：《安徽文联在科大讯飞开展文艺志愿服务​》,已为您添加到数据库
发现新视频(或图片故事)：《吉林和平大戏院在长春乡村演出》,已为您添加到数据库
发现新视频(或图片故事)：《陕西戏研院小梅花秦腔团富平​演出》,已为您添加到数据库
发现新视频(或图片故事)：《上海群艺馆走进益梅小院​》,已为您添加到数据库
发现新视频(或图片故事)：《贵阳市举行“我们的中国梦”​慰问演出》,已为您添加到数据库
发现新视频(或图片故事)：《天津美协在精武镇慰问》,已为您添加到数据库
发现新视频(或图片故事)：《广西戏剧院永福​演出》,已为您添加到数据库
发现新视频(或图片故事)：《广西戏剧院走进永福龙桥村》,已为您添加到数据库
发现新视频(或图片故事)：《山东美协走进青岛平度​》,已为您添加到数据库
发现新视频(或图片故事)：《山东美协走进潍坊​》,已为您添加到数据库
发现新视频(或图片故事)：《天津青年京剧团河西区演出​》,已为您添加到数据库
发现新视频(或图片故事)：《浙江摄协在衢州开展​惠民活动》,已为您添加到数据库
发现新视频(或图片故事)：《宁夏文联​送欢乐到社区》,已为您添加到数据库
发现新视频(或图片故事)：《宁夏曲杂协泾源演出》,已为您添加到数据库
发现新视频(或图片故事)：《吉林交响乐团扶余​社区演出》,已为您添加到数据库
发现新视频(或图片故事)：《吉林交响乐团​下沟村演出》,已为您添加到数据库
发现新视频(或图片故事)：《吉林交响乐团永久村演出》,已为您添加到数据库
发现新视频(或图片故事)：《重庆文联在九龙坡区​开展文化活动》,已为您添加到数据库
发现新视频(或图片故事)：《河北群艺馆唐县​开展文化活动》,已为您添加到数据库
发现新视频(或图片故事)：《内蒙古举行非物质文化遗产年货展​》,已为您添加到数据库
发现新视频(或图片故事)：《安徽曲协会走进阜阳江店孜镇​》,已为您添加到数据库
发现新视频(或图片故事)：《安徽曲协会走进颍上县​》,已为您添加到数据库
发现新视频(或图片故事)：《天津河北梆子剧院走进河西区》,已为您添加到数据库
发现新视频(或图片故事)：《山东美术馆走进郓城​》,已为您添加到数据库
发现新视频(或图片故事)：《浙江歌舞剧院泰顺​演出》,已为您添加到数据库
发现新视频(或图片故事)：《福建志愿者闽侯惠民演出​》,已为您添加到数据库
发现新视频(或图片故事)：《甘肃文联静宁​开展“三下乡”》,已为您添加到数据库
发现新视频(或图片故事)：《 贵州文联在清镇市暗流乡​演出》,已为您添加到数据库
发现新视频(或图片故事)：《 云南“三下乡”活动在​石屏演出》,已为您添加到数据库
发现新视频(或图片故事)：《 云南石屏县建设“云上乡愁书院”​》,已为您添加到数据库
发现新视频(或图片故事)：《陕西公益电影走进太白县​》,已为您添加到数据库
发现新视频(或图片故事)：《陕西戏研​院小梅花秦腔团富平演出》,已为您添加到数据库
发现新视频(或图片故事)：《甘肃秦腔艺术剧院兰州​惠民演出》,已为您添加到数据库
发现新视频(或图片故事)：《新疆民协走进哈巴河县​》,已为您添加到数据库
发现新视频(或图片故事)：《新疆书协吐鲁番送春联​》,已为您添加到数据库
发现新视频(或图片故事)：《中国书协走进​大兴安岭漠河》,已为您添加到数据库
发现新视频(或图片故事)：《辽宁文化小分队走进沈阳浑南区​》,已为您添加到数据库
发现新视频(或图片故事)：《贵港群艺馆开展​惠民演出》,已为您添加到数据库
发现新视频(或图片故事)：《柳州市百朋镇开展“群文公益乡村行”​活动》,已为您添加到数据库
发现新视频(或图片故事)：《 天津北方演艺集团走进咸水沽镇​》,已为您添加到数据库
发现新视频(或图片故事)：《天津杂技团在社区​演出》,已为您添加到数据库
发现新视频(或图片故事)：《广西贵港市举行迎春节​惠民演出》,已为您添加到数据库
发现新视频(或图片故事)：《益阳​图书馆文化志愿送书进校园》,已为您添加到数据库
发现新视频(或图片故事)：《安徽文联铜陵举办书法​惠民活动》,已为您添加到数据库
发现新视频(或图片故事)：《安徽音协阜阳市开展​志愿服务》,已为您添加到数据库
发现新视频(或图片故事)：《益阳举行​新春合唱音乐会》,已为您添加到数据库
发现新视频(或图片故事)：《国家话剧院赴温州文成县​演出》,已为您添加到数据库
发现新视频(或图片故事)：《 广西戏剧院在桂林永福​演出》,已为您添加到数据库
发现新视频(或图片故事)：《吉林文联赴敦化​演出》,已为您添加到数据库
发现新视频(或图片故事)：《安徽乐团、杂技团肥东县演出》,已为您添加到数据库
发现新视频(或图片故事)：《河南文旅厅在淮阳县演出》,已为您添加到数据库
发现新视频(或图片故事)：《四川文化列车在甘洛县​演出》,已为您添加到数据库
发现新视频(或图片故事)：《“我们的节日·春节”​走进贵阳》,已为您添加到数据库
发现新视频(或图片故事)：《湖南书法家会同送春联》,已为您添加到数据库
发现新视频(或图片故事)：《吉林文化馆扶余​举办培训》,已为您添加到数据库
发现新视频(或图片故事)：《安徽文艺小分队社区​演出》,已为您添加到数据库
发现新视频(或图片故事)：《 重庆杂技团​巴南区演出》,已为您添加到数据库
发现新视频(或图片故事)：《安徽曲协慰问安庆消防支队​》,已为您添加到数据库
发现新视频(或图片故事)：《中国书协铜陵​义安区文化惠民》,已为您添加到数据库
发现新视频(或图片故事)：《山东电影小分队走进烟台​》,已为您添加到数据库
发现新视频(或图片故事)：《北京文联密云举办书法进万家​活动》,已为您添加到数据库
发现新视频(或图片故事)：《新疆民间文艺家小分队走进阿勒泰​》,已为您添加到数据库
发现新视频(或图片故事)：《天津评剧白派剧团在老年公寓​演出》,已为您添加到数据库
发现新视频(或图片故事)：《安徽博物院小分队走进肥西​》,已为您添加到数据库
发现新视频(或图片故事)：《贵州花灯剧院在都匀举办​惠民演出》,已为您添加到数据库
发现新视频(或图片故事)：《贵州演出公司演出经典杂技​》,已为您添加到数据库
发现新视频(或图片故事)：《安徽​铜陵举办“趣谈我们的中国节日”活动》,已为您添加到数据库
发现新视频(或图片故事)：《 广西戏剧院送戏到永福​》,已为您添加到数据库
发现新视频(或图片故事)：《大同摄协天镇县​送文化》,已为您添加到数据库
发现新视频(或图片故事)：《山东京剧院平原县演出​》,已为您添加到数据库
发现新视频(或图片故事)：《湖南衡阳书法小分队送春联​》,已为您添加到数据库
发现新视频(或图片故事)：《广西浦北举办“三下乡”​示范活动》,已为您添加到数据库
发现新视频(或图片故事)：《贵港群艺馆送戏下乡​》,已为您添加到数据库
发现新视频(或图片故事)：《湖南文化惠民活动走进岳阳》,已为您添加到数据库
发现新视频(或图片故事)：《贵港群艺馆走进覃塘区​演出》,已为您添加到数据库
发现新视频(或图片故事)：《‍ 重庆举行铜梁中华龙灯艺术节​》,已为您添加到数据库
发现新视频(或图片故事)：《重庆志愿者在开州区送文艺进基层​》,已为您添加到数据库
发现新视频(或图片故事)：《安徽文联铜陵举办“​书法讲堂”活动》,已为您添加到数据库
发现新视频(或图片故事)：《湖南岳阳开展文化惠民活动​》,已为您添加到数据库
发现新视频(或图片故事)：《山东广播电视台在菏泽开展文化​活动》,已为您添加到数据库
发现新视频(或图片故事)：《江西摄协南昌开展​公益活动》,已为您添加到数据库
发现新视频(或图片故事)：《辽宁摄协走进阜新矿区​》,已为您添加到数据库
发现新视频(或图片故事)：《 河南文旅厅在汝州市举办慰问演出》,已为您添加到数据库
发现新视频(或图片故事)：《四川文化列车走进美姑​》,已为您添加到数据库
发现新视频(或图片故事)：《山东电影小分队走进安丘​》,已为您添加到数据库
发现新视频(或图片故事)：《安徽乐团、杂技团走进肥东学校​》,已为您添加到数据库
发现新视频(或图片故事)：《​重庆民族乐团上演《思君不见下渝州》》,已为您添加到数据库
发现新视频(或图片故事)：《中国影协云南蒙自慰问演出​》,已为您添加到数据库
发现新视频(或图片故事)：《重庆话剧院演出​《白雪公主》》,已为您添加到数据库
发现新视频(或图片故事)：《重庆京剧团渝中区演出​折子戏》,已为您添加到数据库
发现新视频(或图片故事)：《 重庆举行铜梁中华龙灯艺术节​》,已为您添加到数据库
发现新视频(或图片故事)：《四川书协走进眉山洪雅县​》,已为您添加到数据库
发现新视频(或图片故事)：《吉林曲艺团舒兰​演出》,已为您添加到数据库
发现新视频(或图片故事)：《中国书协走进安徽铜陵​》,已为您添加到数据库
发现新视频(或图片故事)：《重庆​举办“2019万州少儿电视春晚”》,已为您添加到数据库
发现新视频(或图片故事)：《山东话剧院武警部队演出》,已为您添加到数据库
发现新视频(或图片故事)：《福建杂技团连城惠民演出​》,已为您添加到数据库
发现新视频(或图片故事)：《新疆书协文艺小分队走进疏勒县​》,已为您添加到数据库
发现新视频(或图片故事)：《江苏​锡剧团在宜兴演出》,已为您添加到数据库
发现新视频(或图片故事)：《济宁作协曲阜举办服务基层活动》,已为您添加到数据库
发现新视频(或图片故事)：《上海交通广播评选​上海阿姐》,已为您添加到数据库
发现新视频(或图片故事)：《四川遂宁书协为市民写春联》,已为您添加到数据库
发现新视频(或图片故事)：《湖南湘西在吉首启动“三下乡”​》,已为您添加到数据库
发现新视频(或图片故事)：《湖北戏曲艺术剧院咸宁送戏下乡》,已为您添加到数据库
发现新视频(或图片故事)：《湖北民协走进鄂州​》,已为您添加到数据库
发现新视频(或图片故事)：《安徽“送文化年货”巢湖启动​》,已为您添加到数据库
发现新视频(或图片故事)：《安徽​文联巢湖举行“向群众送文化年货”活动》,已为您添加到数据库
发现新视频(或图片故事)：《山西作协​举办文学讲座》,已为您添加到数据库
发现新视频(或图片故事)：《河北心连心艺术团慰问养老院​》,已为您添加到数据库
发现新视频(或图片故事)：《河南启动“春满中原 老家河南”系列活动​》,已为您添加到数据库
发现新视频(或图片故事)：《河南豫剧院兰考送戏下乡​》,已为您添加到数据库
发现新视频(或图片故事)：《江苏文联送万福进万家​》,已为您添加到数据库
发现新视频(或图片故事)：《辽宁举办​《新春乐》曲艺专场》,已为您添加到数据库
发现新视频(或图片故事)：《河北梆子剧院演出《李保国》​》,已为您添加到数据库
发现新视频(或图片故事)：《天津青年京剧团慰问公安干警》,已为您添加到数据库
发现新视频(或图片故事)：《安徽乐团、杂技团在云梯畲族乡敬老院​演出》,已为您添加到数据库
发现新视频(或图片故事)：《山东文学社淄博​开展文化活动》,已为您添加到数据库
发现新视频(或图片故事)：《浙江美协舟山办​讲座》,已为您添加到数据库
发现新视频(或图片故事)：《浙江美术馆舟山举办​讲座》,已为您添加到数据库
发现新视频(或图片故事)：《吉林曲艺团蛟河文化大院演出》,已为您添加到数据库
发现新视频(或图片故事)：《吉林曲艺团蛟河平地沟村​演出》,已为您添加到数据库
发现新视频(或图片故事)：《中国书协武乡书法惠民​》,已为您添加到数据库
发现新视频(或图片故事)：《安徽书协​在滁州开展“共书中国梦”活动》,已为您添加到数据库
发现新视频(或图片故事)：《重庆作协​举行迎春诗歌会》,已为您添加到数据库
发现新视频(或图片故事)：《甘肃秦腔艺术剧院走进兰州彩虹城社​》,已为您添加到数据库
发现新视频(或图片故事)：《新疆摄协小分队走进阿勒泰​》,已为您添加到数据库
发现新视频(或图片故事)：《天津文艺志愿者协会​走进军交学院》,已为您添加到数据库
发现新视频(或图片故事)：《攀枝花文联开展​文艺惠民活动》,已为您添加到数据库
发现新视频(或图片故事)：《广东文艺志愿者在新兴县演出》,已为您添加到数据库
发现新视频(或图片故事)：《中央歌剧院在成都举行​音乐会》,已为您添加到数据库
发现新视频(或图片故事)：《安徽博物院举办进校园活动》,已为您添加到数据库
发现新视频(或图片故事)：《吉林市文联小分队进社区 ​》,已为您添加到数据库
发现新视频(或图片故事)：《武汉启动“戏曲进校园”教师培训班寒假班》,已为您添加到数据库
发现新视频(或图片故事)：《四川省文联在洪雅县开展惠民活动》,已为您添加到数据库
发现新视频(或图片故事)：《天津演出公司赴北辰区​演出》,已为您添加到数据库
发现新视频(或图片故事)：《陕西山阳县剧团开展文艺下乡​活动》,已为您添加到数据库
发现新视频(或图片故事)：《天津杂技团在柴楼村​演出》,已为您添加到数据库
发现新视频(或图片故事)：《荆楚“红色文艺轻骑兵”走进蕲春​》,已为您添加到数据库
发现新视频(或图片故事)：《湖北文艺小分队送春联进社区》,已为您添加到数据库
发现新视频(或图片故事)：《广西戏剧院永福​惠民演出》,已为您添加到数据库
发现新视频(或图片故事)：《垫江文联开展送文化​活动》,已为您添加到数据库
发现新视频(或图片故事)：《海南文联儋州送春联​》,已为您添加到数据库
发现新视频(或图片故事)：《湖北京剧院在新洲区​演出》,已为您添加到数据库
发现新视频(或图片故事)：《湖南长沙举办文化惠民演出》,已为您添加到数据库
发现新视频(或图片故事)：《大同云州区举​行​文化巡回演出活动》,已为您添加到数据库
发现新视频(或图片故事)：《中国文联在陕西旬邑送春联​》,已为您添加到数据库
发现新视频(或图片故事)：《安徽文艺志愿者在宁国市​演出》,已为您添加到数据库
发现新视频(或图片故事)：《安徽乐团、杂技团白鹿村​演出》,已为您添加到数据库
发现新视频(或图片故事)：《 多彩贵州百姓大舞台走进玉屏​县》,已为您添加到数据库
发现新视频(或图片故事)：《海南广播电视台白沙县举办文艺​惠民活动》,已为您添加到数据库
发现新视频(或图片故事)：《广西田阳举办文化科技卫生“三下乡”活动​》,已为您添加到数据库
发现新视频(或图片故事)：《江西文联启动文化进万家​》,已为您添加到数据库
发现新视频(或图片故事)：《包头文联​走进石拐区》,已为您添加到数据库
发现新视频(或图片故事)：《山东文化馆在济南长途汽车西站演出​》,已为您添加到数据库
发现新视频(或图片故事)：《​重庆民族乐团上演《亲亲宝贝》》,已为您添加到数据库
发现新视频(或图片故事)：《​湖北潜江举办音乐会》,已为您添加到数据库
发现新视频(或图片故事)：《广东文联惠州举办惠民演出​》,已为您添加到数据库
发现新视频(或图片故事)：《国家京剧院走进河北兴隆​》,已为您添加到数据库
发现新视频(或图片故事)：《四川泸州开展戏曲​惠民活动》,已为您添加到数据库
发现新视频(或图片故事)：《广东志愿者​茂名进行惠民演出》,已为您添加到数据库
发现新视频(或图片故事)：《文化列车驶入四川​普格》,已为您添加到数据库
发现新视频(或图片故事)：《浙江舞协走进南山村》,已为您添加到数据库
发现新视频(或图片故事)：《吉林曲艺团在登场村​演出》,已为您添加到数据库
发现新视频(或图片故事)：《四川爱乐乐团​上演《漫谈歌剧》》,已为您添加到数据库
发现新视频(或图片故事)：《中国书协辽宁桓仁​送春联》,已为您添加到数据库
发现新视频(或图片故事)：《中国书协陕西旬邑举办书法惠民​活动》,已为您添加到数据库
发现新视频(或图片故事)：《云南京剧院进曲靖校园​》,已为您添加到数据库
发现新视频(或图片故事)：《山东电影小分队走进平阴敬老院​》,已为您添加到数据库
发现新视频(或图片故事)：《甘肃秦腔艺术剧院兰州惠民演出​》,已为您添加到数据库
发现新视频(或图片故事)：《新疆文艺小分队走进阿克陶​》,已为您添加到数据库
发现新视频(或图片故事)：《四川遂宁惠民演出小分队走进河东新区​》,已为您添加到数据库
发现新视频(或图片故事)：《安徽书画院在合肥​举办书法名家邀请展》,已为您添加到数据库
发现新视频(或图片故事)：《广东文联阳江开展文艺惠民活动》,已为您添加到数据库
发现新视频(或图片故事)：《长春演艺集团慰问敬老院》,已为您添加到数据库
发现新视频(或图片故事)：《陕西省戏曲研究院秦腔团宝鸡演出》,已为您添加到数据库
发现新视频(或图片故事)：《四川​集中示范服务活动在昭觉启动》,已为您添加到数据库
发现新视频(或图片故事)：《中央歌剧院沐川举办音乐会》,已为您添加到数据库
发现新视频(或图片故事)：《广东书法院文艺惠民小分队走进中山​》,已为您添加到数据库
发现新视频(或图片故事)：《海南文艺小分队走进海口​龙桥镇》,已为您添加到数据库
发现新视频(或图片故事)：《白城​文联金祥乡开展送春联活动》,已为您添加到数据库
发现新视频(或图片故事)：《江苏书协在南京开展志愿者活动》,已为您添加到数据库
发现新视频(或图片故事)：《安徽文联在涡阳开展“三下乡”​活动》,已为您添加到数据库
发现新视频(或图片故事)：《南宁群艺馆开展“非遗过大年​”活动》,已为您添加到数据库
发现新视频(或图片故事)：《陕西省戏曲研究院秦腔团宝鸡​演出》,已为您添加到数据库
发现新视频(或图片故事)：《湖南邵阳​花鼓戏团送戏下乡》,已为您添加到数据库
发现新视频(或图片故事)：《湖南邵阳花鼓戏团走进武冈》,已为您添加到数据库
发现新视频(或图片故事)：《天津人民艺术剧院走进汉沽中心小学​》,已为您添加到数据库
发现新视频(或图片故事)：《湖南​昆剧团走进郴州》,已为您添加到数据库
发现新视频(或图片故事)：《四川雅安​启动2019年送文化下乡》,已为您添加到数据库
发现新视频(或图片故事)：《‍贵州歌舞剧院走进晴隆​》,已为您添加到数据库
发现新视频(或图片故事)：《安徽​举办第二届中国非遗春晚》,已为您添加到数据库
发现新视频(或图片故事)：《天津文艺小分队在宝坻举办“三下乡”活动​》,已为您添加到数据库
发现新视频(或图片故事)：《安徽文艺小分队宁国市慰问演出​》,已为您添加到数据库
发现新视频(或图片故事)：《天津京剧院在和平区青少年宫演出》,已为您添加到数据库
发现新视频(或图片故事)：《天津红色文艺轻骑兵和平区文化惠民​》,已为您添加到数据库
发现新视频(或图片故事)：《‍辽宁书协本溪开展书法惠民​活动》,已为您添加到数据库
发现新视频(或图片故事)：《海南文联在澄迈​演出》,已为您添加到数据库
发现新视频(或图片故事)：《福建文艺志愿者在永泰惠民演出​》,已为您添加到数据库
发现新视频(或图片故事)：《辽宁人民艺术剧院华能老年公寓演出​》,已为您添加到数据库
发现新视频(或图片故事)：《河南省启动“我们的中国梦”​》,已为您添加到数据库
发现新视频(或图片故事)：《安徽乐团、杂技团在云梯畲族乡演出​》,已为您添加到数据库
发现新视频(或图片故事)：《湖北京剧小分队走进鄂州》,已为您添加到数据库
发现新视频(或图片故事)：《安徽文艺志愿者在​畲族乡太子塘演出》,已为您添加到数据库
发现新视频(或图片故事)：《山东电影小分队​章丘放电影》,已为您添加到数据库
发现新视频(或图片故事)：《山东电影小分队走进青岛护理院​》,已为您添加到数据库
发现新视频(或图片故事)：《重庆曲艺团演出​《十八梯》》,已为您添加到数据库
发现新视频(或图片故事)：《 重庆杂技团荣昌区演出​《花木兰》》,已为您添加到数据库
发现新视频(或图片故事)：《吉林曲艺团在蛟河​演出》,已为您添加到数据库
发现新视频(或图片故事)：《吉林曲艺团蛟河养鱼村​演出》,已为您添加到数据库
发现新视频(或图片故事)：《河南文联走进郸城​》,已为您添加到数据库
发现新视频(或图片故事)：《云南京剧院曲靖​开展“结对子、种文化”活动》,已为您添加到数据库
发现新视频(或图片故事)：《浙江昆剧团走进海宁​》,已为您添加到数据库
发现新视频(或图片故事)：《山东电影小分队走进泰安​》,已为您添加到数据库
发现新视频(或图片故事)：《安徽涡阳举办“三下乡”​活动》,已为您添加到数据库
发现新视频(或图片故事)：《河北群艺馆走进​新河县》,已为您添加到数据库
发现新视频(或图片故事)：《 云南​举行电影放映边疆行活动》,已为您添加到数据库
发现新视频(或图片故事)：《山东电影小分队走进枣庄老年公寓​》,已为您添加到数据库
发现新视频(或图片故事)：《长春演艺集团在敬老院​演出》,已为您添加到数据库
发现新视频(或图片故事)：《安徽非遗中心在六安市​开展非遗下基层活动》,已为您添加到数据库
发现新视频(或图片故事)：《上海爱乐乐团交响乐《启航》在静安区演出​》,已为您添加到数据库
发现新视频(或图片故事)：《吉林​四平书协开展​志愿公益服务活动》,已为您添加到数据库
发现新视频(或图片故事)：《长沙群众艺术馆开展惠民演出​》,已为您添加到数据库
发现新视频(或图片故事)：《吉林省文联梅河口市山城镇演出》,已为您添加到数据库
发现新视频(或图片故事)：《 四川攀枝花市文化馆​送文化下乡巡演》,已为您添加到数据库
发现新视频(或图片故事)：《中央歌剧院乐山棉竹铺社区演出》,已为您添加到数据库
发现新视频(或图片故事)：《广西彩调剧团在永福​演出》,已为您添加到数据库
发现新视频(或图片故事)：《中央歌剧院在乐山八中​慰问演出》,已为您添加到数据库
发现新视频(或图片故事)：《中央歌剧院在武警乐山支队演出》,已为您添加到数据库
发现新视频(或图片故事)：《中央歌剧院在乐山徐家扁小学​演出》,已为您添加到数据库
发现新视频(或图片故事)：《 内蒙古民族艺术剧院​社区惠民演出》,已为您添加到数据库
发现新视频(或图片故事)：《山西太原“两节”拥军慰问演出​》,已为您添加到数据库
发现新视频(或图片故事)：《陕西省戏曲研究院秦腔团凤县演出​》,已为您添加到数据库
发现新视频(或图片故事)：《陕西省戏曲研究院在凤县惠民演出​》,已为您添加到数据库
发现新视频(或图片故事)：《山东文化馆在德州开展​惠民活动》,已为您添加到数据库
发现新视频(或图片故事)：《山东舞协济宁教秧歌》,已为您添加到数据库
发现新视频(或图片故事)：《山西话剧院演出话剧《生命如歌》》,已为您添加到数据库
发现新视频(或图片故事)：《山西作家​太原办讲座》,已为您添加到数据库
发现新视频(或图片故事)：《安徽乐团、杂技团下基层​慰问演出》,已为您添加到数据库
发现新视频(或图片故事)：《吉林交响乐团在柳河​举办文艺演出》,已为您添加到数据库
发现新视频(或图片故事)：《吉林省交响乐团在梅河口市​演出》,已为您添加到数据库
发现新视频(或图片故事)：《安徽志愿者在河沥溪养老院​演出》,已为您添加到数据库
发现新视频(或图片故事)：《浙江作协赴武义送文化下乡》,已为您添加到数据库
发现新视频(或图片故事)：《重庆话剧院演出​《红岩魂》》,已为您添加到数据库
发现新视频(或图片故事)：《四川歌舞剧院​演出《家》》,已为您添加到数据库
发现新视频(或图片故事)：《中国视协走进海南昌江​》,已为您添加到数据库
发现新视频(或图片故事)：《宁夏剧协泾源县演出》,已为您添加到数据库
发现新视频(或图片故事)：《湖南邵阳花鼓剧团在武冈市演出​《老少配》》,已为您添加到数据库
发现新视频(或图片故事)：《广东文联在揭西开展惠民演出》,已为您添加到数据库
发现新视频(或图片故事)：《天津青年友好使者艺术团走进社区​》,已为您添加到数据库
发现新视频(或图片故事)：《中央歌剧院在四川乐山福利院​演出》,已为您添加到数据库
发现新视频(或图片故事)：《中央歌剧院​在四川乐山举办声乐大师课》,已为您添加到数据库
发现新视频(或图片故事)：《长春演艺集团在蔡家社区​慰问演出》,已为您添加到数据库
发现新视频(或图片故事)：《绵阳市启动2019年文化进万家活动》,已为您添加到数据库
发现新视频(或图片故事)：《陕西歌舞剧院歌舞团走进府谷​煤矿》,已为您添加到数据库
发现新视频(或图片故事)：《“砥砺奋进——我们在脱贫攻坚路上”演出在广西大新​举办》,已为您添加到数据库
发现新视频(或图片故事)：《中国摄协走进贵州黔南》,已为您添加到数据库
发现新视频(或图片故事)：《中央歌剧院在四川乐山举行​惠民音乐会》,已为您添加到数据库
发现新视频(或图片故事)：《重庆摄协在​颐养社区开展慰问活动》,已为您添加到数据库
发现新视频(或图片故事)：《天津青年京剧团开展新春慰问演出​》,已为您添加到数据库
发现新视频(或图片故事)：《河北省心连心艺术团走进威县​》,已为您添加到数据库
发现新视频(或图片故事)：《山西太原上演话剧《生命如歌》》,已为您添加到数据库
发现新视频(或图片故事)：《陕西民协在渭南​演出》,已为您添加到数据库
发现新视频(或图片故事)：《浙江歌舞剧院​走进天台中学》,已为您添加到数据库
发现新视频(或图片故事)：《湖南娄底​举办新年演出》,已为您添加到数据库
发现新视频(或图片故事)：《中国民协在云南临沧双江​“送欢乐、下基层”》,已为您添加到数据库
发现新视频(或图片故事)：《‍中国儿艺《小吉普·变变变》珲春上演》,已为您添加到数据库
发现新视频(或图片故事)：《安徽乐团、杂技团仙霞中学​演出》,已为您添加到数据库
发现新视频(或图片故事)：《安徽乐团、杂技团在卫生院演出​》,已为您添加到数据库
发现新视频(或图片故事)：《安徽演艺集团赴省军区​演出》,已为您添加到数据库
发现新视频(或图片故事)：《国家京剧院走进桓台​演出》,已为您添加到数据库
发现新视频(或图片故事)：《中国儿艺吉林珲春​演出儿童剧《特殊作业》》,已为您添加到数据库
发现新视频(或图片故事)：《国家图书馆湖南​辰溪文化惠民》,已为您添加到数据库
发现新视频(或图片故事)：《湖南辰溪举行文艺扶贫​》,已为您添加到数据库
发现新视频(或图片故事)：《北京书画家大兴送祝福》,已为您添加到数据库
发现新视频(或图片故事)：《“为奥运喝彩”成都站巡展​》,已为您添加到数据库
发现新视频(或图片故事)：《​四川美术馆展出“为奥运喝彩”》,已为您添加到数据库
发现新视频(或图片故事)：《‍山东滕州敬老院放映公益电影​》,已为您添加到数据库
发现新视频(或图片故事)：《贵州花灯剧院在镇宁​演出》,已为您添加到数据库
发现新视频(或图片故事)：《 江苏举办​迎新年戏剧展演》,已为您添加到数据库
发现新视频(或图片故事)：《陕西省歌舞剧院歌舞团​府谷县奏响《春节序曲》》,已为您添加到数据库
发现新视频(或图片故事)：《湖南衡阳启动2019年新春演出季​》,已为您添加到数据库
发现新视频(或图片故事)：《吉林敦化文广新局开展送图书活动》,已为您添加到数据库
发现新视频(或图片故事)：《荆楚“红色文艺轻骑兵”湖北巴东戏曲进校园》,已为您添加到数据库
发现新视频(或图片故事)：《福建举办​李焕之诞辰百年音乐会》,已为您添加到数据库
发现新视频(或图片故事)：《广西柳州市举行新年交响音乐会》,已为您添加到数据库
发现新视频(或图片故事)：《广西戏剧院在田东演出》,已为您添加到数据库
发现新视频(或图片故事)：《浙江歌舞剧院《彩蝶女乐》走进德清​》,已为您添加到数据库
发现新视频(或图片故事)：《陕西省歌舞剧院在府谷​举办“2019年新春音乐会”》,已为您添加到数据库
发现新视频(或图片故事)：《陕西文化惠民演出小分队走进西安南沙社区​》,已为您添加到数据库
发现新视频(或图片故事)：《陕西民协慰问韩城煤焦厂​》,已为您添加到数据库
发现新视频(或图片故事)：《安徽文艺工作者走进宁国市校园​》,已为您添加到数据库
发现新视频(或图片故事)：《安徽乐团在宁国市​慰问演出》,已为您添加到数据库
发现新视频(或图片故事)：《重庆举行美术书法摄影作品​巡展》,已为您添加到数据库
发现新视频(或图片故事)：《河北心连心艺术团走进邢台市​》,已为您添加到数据库
发现新视频(或图片故事)：《山西歌舞剧院演出音乐剧《火花》》,已为您添加到数据库
发现新视频(或图片故事)：《河北威县举办惠民演出​》,已为您添加到数据库
发现新视频(或图片故事)：《吉林交响乐团集安市​演出》,已为您添加到数据库
发现新视频(或图片故事)：《吉林磐石文联送戏下乡》,已为您添加到数据库
发现新视频(或图片故事)：《国家京剧院走进广西田东​》,已为您添加到数据库
发现新视频(或图片故事)：《浙江作协走进临安》,已为您添加到数据库
发现新视频(或图片故事)：《甘肃秦腔艺术剧院定西​惠民演出》,已为您添加到数据库
发现新视频(或图片故事)：《甘肃省秦腔艺术剧院涝池村演出》,已为您添加到数据库
发现新视频(或图片故事)：《甘肃秦腔艺术剧院兰州新区​惠民演出》,已为您添加到数据库
发现新视频(或图片故事)：《黑龙江评剧艺术中心牡丹江​演出》,已为您添加到数据库
发现新视频(或图片故事)：《黑龙江文联走进阿城​》,已为您添加到数据库
发现新视频(或图片故事)：《重庆市启动2019年“我们的中国梦”——文化进万家活动》,已为您添加到数据库
发现新视频(或图片故事)：《内蒙古文联​举办2019年新年舞蹈晚会》,已为您添加到数据库
发现新视频(或图片故事)：《花鼓戏《河西村的故事》潜江上演》,已为您添加到数据库
发现新视频(或图片故事)：《广西戏剧院在平果演出​》,已为您添加到数据库
发现新视频(或图片故事)：《内蒙古民族艺术剧院举办“我们的中国梦”​演出》,已为您添加到数据库
发现新视频(或图片故事)：《重庆市在合川启动“我们的中国梦”活动​》,已为您添加到数据库
发现新视频(或图片故事)：《福建作协开展“闽人·闽读”阅读推广活动​》,已为您添加到数据库
发现新视频(或图片故事)：《‍天津摄协慰问非遗​传承人》,已为您添加到数据库
发现新视频(或图片故事)：《海南文联​举办相声公益演出》,已为您添加到数据库
发现新视频(或图片故事)：《云南文联在曲靖进行​惠民演出》,已为您添加到数据库
发现新视频(或图片故事)：《上海越剧院​上演新年大戏​》,已为您添加到数据库
发现新视频(或图片故事)：《河北省心连心艺术团走进平安养老院​》,已为您添加到数据库
发现新视频(或图片故事)：《陕西民协在商洛​演出》,已为您添加到数据库
发现新视频(或图片故事)：《山东电影小分队济南老年公寓放电影​》,已为您添加到数据库
发现新视频(或图片故事)：《山东电影小分队在费县放电影》,已为您添加到数据库
发现新视频(或图片故事)：《黑龙江评剧艺术中心走进绥芬河》,已为您添加到数据库
发现新视频(或图片故事)：《甘肃省秦腔艺术剧院走进定西市内官营镇​》,已为您添加到数据库
发现新视频(或图片故事)：《甘肃陇原“红色文艺轻骑兵”走进定西内官营镇​》,已为您添加到数据库
发现新视频(或图片故事)：《新疆舞协走进麦盖提县​》,已为您添加到数据库
发现新视频(或图片故事)：《天津青年友好使者艺术团走进西青区老人院​》,已为您添加到数据库
发现新视频(或图片故事)：《广西文联在南宁新竹社区开展​惠民活动》,已为您添加到数据库
发现新视频(或图片故事)：《越剧大戏《风雪寒梅李三娘》浙江​上演》,已为您添加到数据库
发现新视频(或图片故事)：《云南省文联在禄劝开展艺术辅导​培训》,已为您添加到数据库
发现新视频(或图片故事)：《大型跨界魔幻剧《倩女幽魂》上演》,已为您添加到数据库
发现新视频(或图片故事)：《广东粤剧院演出​《狸猫换太子》》,已为您添加到数据库
发现新视频(或图片故事)：《四直辖市戏剧曲艺展演​江津区巡演》,已为您添加到数据库
发现新视频(或图片故事)：《黑龙江评剧艺术中心走进宁安​》,已为您添加到数据库
发现新视频(或图片故事)：《甘肃省秦腔艺术剧院走进定西市巉口镇​》,已为您添加到数据库
发现新视频(或图片故事)：《甘肃秦腔艺术剧院定西巉口镇​演出》,已为您添加到数据库
发现新视频(或图片故事)：《新疆文联走进沙湾县​》,已为您添加到数据库
发现新视频(或图片故事)：《天津青年友好使者艺术团走进德才里社区​》,已为您添加到数据库
发现新视频(或图片故事)：《浙江音协在宁波海南村演出》,已为您添加到数据库
发现新视频(或图片故事)：《吉林省启动​“文化惠农直通车”活动》,已为您添加到数据库
发现新视频(或图片故事)：《中国交响乐团走进重庆文峰小学​》,已为您添加到数据库
发现新视频(或图片故事)：《中国书协、宁夏书协走进盐池​》,已为您添加到数据库
发现新视频(或图片故事)：《陕西省举办“2019年新春音乐会”》,已为您添加到数据库
发现新视频(或图片故事)：《陕西剧协在紫阳进行文艺演出》,已为您添加到数据库
发现新视频(或图片故事)：《北京市大兴区文联开展“书画下乡送祝福”》,已为您添加到数据库
发现新视频(或图片故事)：《北京石景山文化馆在模式口西里社区​演出》,已为您添加到数据库
发现新视频(或图片故事)：《上海越剧院上演新年大戏》,已为您添加到数据库
发现新视频(或图片故事)：《河北文艺志愿者走进河北医大二院​》,已为您添加到数据库
发现新视频(或图片故事)：《新疆克孜勒苏州歌舞团阿图什演出》,已为您添加到数据库
发现新视频(或图片故事)：《重庆市话剧院​演出话剧《孔子》》,已为您添加到数据库
发现新视频(或图片故事)：《四直辖市戏剧曲艺展演在重庆举行​》,已为您添加到数据库
发现新视频(或图片故事)：《重庆歌剧院举办木管五重奏​音乐会》,已为您添加到数据库
发现新视频(或图片故事)：《广东​话剧院四会演出粤语话剧《孔子》》,已为您添加到数据库
发现新视频(或图片故事)：《重庆摄协走进​江北区​》,已为您添加到数据库
发现新视频(或图片故事)：《中国视协走进哈尔滨​》,已为您添加到数据库
发现新视频(或图片故事)：《甘肃秦腔艺术剧院走进中驿村​》,已为您添加到数据库
发现新视频(或图片故事)：《甘肃秦腔艺术剧院走进巩驿镇南河村​》,已为您添加到数据库
发现新视频(或图片故事)：《新疆文艺小分队走进奎屯市​》,已为您添加到数据库
发现新视频(或图片故事)：《黑龙江文联走进兴隆​》,已为您添加到数据库
发现新视频(或图片故事)：《湖北省歌剧舞剧院在罗田​慰问演出》,已为您添加到数据库
发现新视频(或图片故事)：《内蒙古乌力格尔蒙古剧团走进翁牛特旗​》,已为您添加到数据库
发现新视频(或图片故事)：《贵阳市举行​市民新年交响音乐会》,已为您添加到数据库
发现新视频(或图片故事)：《浙江省文联走进杭州萧山民丰村》,已为您添加到数据库
发现新视频(或图片故事)：《吉林省文联通化县演出》,已为您添加到数据库
发现新视频(或图片故事)：《江西省赣剧院崇仁县送戏下乡》,已为您添加到数据库
发现新视频(或图片故事)：《中国交响乐团走进重庆​北斗村》,已为您添加到数据库
发现新视频(或图片故事)：《中国交响乐团在重庆演出​》,已为您添加到数据库
发现新视频(或图片故事)：《北京石景山区文化馆举行“送福到家”演出》,已为您添加到数据库
发现新视频(或图片故事)：《中国书协在海南开展送万福进万家​》,已为您添加到数据库
发现新视频(或图片故事)：《山东文艺小分队走进桓台​》,已为您添加到数据库
发现新视频(或图片故事)：《中国东方歌舞团​北京怀柔文化惠民演出》,已为您添加到数据库
发现新视频(或图片故事)：《海口​石山镇上演琼剧《刁蛮公主》》,已为您添加到数据库
发现新视频(或图片故事)：《河北省心连心艺术团走进石家庄干休所​》,已为您添加到数据库
发现新视频(或图片故事)：《安顺市开展​文化大讲习活动》,已为您添加到数据库
发现新视频(或图片故事)：《2019年荆楚“红色文艺轻骑兵”活动在长阳启动》,已为您添加到数据库
发现新视频(或图片故事)：《中国交响乐团走进重庆南岸区​》,已为您添加到数据库
发现新视频(或图片故事)：《重庆书协走进大渡口区​》,已为您添加到数据库
发现新视频(或图片故事)：《甘肃秦腔艺术剧院走进凤翔镇》,已为您添加到数据库
发现新视频(或图片故事)：《吉林敦化市群众文化馆走进贤儒镇福利院​》,已为您添加到数据库
发现新视频(或图片故事)：《贵州省六盘水文联在水城县写春联​》,已为您添加到数据库
发现新视频(或图片故事)：《吉林省文联​柳河县演出》,已为您添加到数据库
发现新视频(或图片故事)：《上海木偶剧团​演出皮影戏《花木兰》》,已为您添加到数据库
发现新视频(或图片故事)：《重庆川剧院举办折子戏专场​演出‍》,已为您添加到数据库
发现新视频(或图片故事)：《江苏盐城曲协慰问敬老院​》,已为您添加到数据库
发现新视频(或图片故事)：《北京通州区举办“新起点 同奋进 共筑梦”演出》,已为您添加到数据库
发现新视频(或图片故事)：《新疆克拉玛依文联举办戏曲惠民演出​》,已为您添加到数据库
发现新视频(或图片故事)：《山东电影小分队日照敬老院放映电影​》,已为您添加到数据库
发现新视频(或图片故事)：《海南​琼剧院雨坛村表演琼剧《晋宫风云》》,已为您添加到数据库
发现新视频(或图片故事)：《广西摄协南宁举办摄影庙会​》,已为您添加到数据库
发现新视频(或图片故事)：《水城县开展百姓大舞台​演出》,已为您添加到数据库
发现新视频(或图片故事)：《“红色文艺轻骑兵”为黑龙江省军区送​祝福》,已为您添加到数据库
发现新视频(或图片故事)：《山东书协在枣庄​开展文化活动》,已为您添加到数据库
发现新视频(或图片故事)：《​“新年京剧晚会”人民大会堂上演》,已为您添加到数据库
发现新视频(或图片故事)：《北京民族乐团​举办新年音乐会》,已为您添加到数据库
发现新视频(或图片故事)：《广东汉剧传承研究院走进兴宁市​》,已为您添加到数据库
发现新视频(或图片故事)：《黑龙江省龙江剧艺术中心佳木斯演出》,已为您添加到数据库
发现新视频(或图片故事)：《青海放映队公益放映电影​》,已为您添加到数据库
发现新视频(或图片故事)：《福建省实验闽剧院演出《驸马削发》》,已为您添加到数据库
发现新视频(或图片故事)：《《2019北京新年音乐会》国家大剧院上演​》,已为您添加到数据库
发现新视频(或图片故事)：《多彩贵州山地文艺轻骑兵走进盘州市​》,已为您添加到数据库
发现新视频(或图片故事)：《天津曲协​走进西青区精武镇慰问》,已为您添加到数据库
发现新视频(或图片故事)：《广东省公益惠民志愿服务活动走进肇庆​》,已为您添加到数据库
发现新视频(或图片故事)：《山西晋城举办改革开放40年经典金曲演唱会》,已为您添加到数据库
发现新视频(或图片故事)：《天津评剧白派剧团送戏到南开​》,已为您添加到数据库
发现新视频(或图片故事)：《浙江京剧团​赴长兴农村演出》,已为您添加到数据库
发现新视频(或图片故事)：《海南琼剧院​琼山区上演《太子还朝》》,已为您添加到数据库
发现新视频(或图片故事)：《福建芳华越剧团嵊州演出《梁祝》》,已为您添加到数据库
发现新视频(或图片故事)：《吉林文艺工作者走进长春社区​》,已为您添加到数据库
发现新视频(或图片故事)：《辽宁文化演艺集团举办非遗​展演》,已为您添加到数据库
发现新视频(或图片故事)：《辽宁芭蕾舞团走进社区》,已为您添加到数据库
发现新视频(或图片故事)：《山东省文化馆在济南育才中学进行文艺演出​》,已为您添加到数据库
发现新视频(或图片故事)：《山东省文化馆走进济南普利初级中学》,已为您添加到数据库
发现新视频(或图片故事)：《福建实验闽剧院在闽侯兰圃龟山文化中心演出​》,已为您添加到数据库
发现新视频(或图片故事)：《福建省实验闽剧院进行​公益惠民演出》,已为您添加到数据库
发现新视频(或图片故事)：《山东省文化馆在齐河县开展​下基层活动》,已为您添加到数据库
发现新视频(或图片故事)：《海南音乐广播点亮文明新秀英》,已为您添加到数据库
发现新视频(或图片故事)：《山西太原举办“第六届省城曲苑迎春文艺晚会”》,已为您添加到数据库
发现新视频(或图片故事)：《山东电影小分队万德敬老院放公益电影​》,已为您添加到数据库
发现新视频(或图片故事)：《吉林省文联在双辽市​协力村演出》,已为您添加到数据库
发现新视频(或图片故事)：《吉林省文联四平市​演出》,已为您添加到数据库
发现新视频(或图片故事)：《福建音协三明演出》,已为您添加到数据库
发现新视频(或图片故事)：《广东省​举行合唱精品音乐会》,已为您添加到数据库
发现新视频(或图片故事)：《‍浙江话剧团送戏到安吉》,已为您添加到数据库
发现新视频(或图片故事)：《《综艺大篷车》​走进寿光》,已为您添加到数据库
发现新视频(或图片故事)：《辽宁歌剧院举办​2019新年音乐会》,已为您添加到数据库
发现新视频(或图片故事)：《广东举办2019新年​粤剧会》,已为您添加到数据库
发现新视频(或图片故事)：《重庆举办2019年​新年音乐会》,已为您添加到数据库
发现新视频(或图片故事)：《青岛文艺小分队在胶州开展​慰问演出》,已为您添加到数据库
发现新视频(或图片故事)：《贵阳举行2019新年合唱音乐会》,已为您添加到数据库
发现新视频(或图片故事)：《北京市文旅局举办“深入生活、扎根人民”主题实践活动》,已为您添加到数据库
发现新视频(或图片故事)：《北京市东城区举办2019新年音乐会​》,已为您添加到数据库
发现新视频(或图片故事)：《广西“文化进万家”活动在南宁启动》,已为您添加到数据库
发现新视频(或图片故事)：《吉林省文联在​双辽市大富村演出》,已为您添加到数据库
发现新视频(或图片故事)：《山东杂协走进宁津县​》,已为您添加到数据库
发现新视频(或图片故事)：《‍“书院楹联书画展”在福州开展》,已为您添加到数据库
发现新视频(或图片故事)：《​福建省举办少儿舞蹈美育成果交流展演》,已为您添加到数据库
发现新视频(或图片故事)：《湖南省长沙市芙蓉区举行新年演出》,已为您添加到数据库
发现新视频(或图片故事)：《山东吕剧院送戏进校园​》,已为您添加到数据库
发现新视频(或图片故事)：《中国曲协文艺志愿者在张家口​演出》,已为您添加到数据库
发现新视频(或图片故事)：《中国曲协赴张家口崇礼演出》,已为您添加到数据库
发现新视频(或图片故事)：《上海​公益电影进军营》,已为您添加到数据库
发现新视频(或图片故事)：《山东书协走进烟台​》,已为您添加到数据库
发现新视频(或图片故事)：《山东电影小分队走进济南老年公寓​》,已为您添加到数据库
发现新视频(或图片故事)：《辽宁举办2019​新年音乐会》,已为您添加到数据库
发现新视频(或图片故事)：《山东书协潍坊​开展文化活动》,已为您添加到数据库
发现新视频(或图片故事)：《西藏​歌舞团举行新年音乐会》,已为您添加到数据库
发现新视频(或图片故事)：《河北文联石家庄慰问演出​》,已为您添加到数据库
发现新视频(或图片故事)：《山东书协小分队菏泽送祝福》,已为您添加到数据库
发现新视频(或图片故事)：《黑龙江杂技团巴彦惠民演出​》,已为您添加到数据库
发现新视频(或图片故事)：《新疆阿图什开展文化下乡活动》,已为您添加到数据库
发现新视频(或图片故事)：《安徽省​举行2019新年音乐会》,已为您添加到数据库
发现新视频(或图片故事)：《海南民族歌舞团​在五指山市演出》,已为您添加到数据库
发现新视频(或图片故事)：《海南民族歌舞团在五指山唐干村慰问演出》,已为您添加到数据库
发现新视频(或图片故事)：《湖南长沙​举行文化惠民活动》,已为您添加到数据库
发现新视频(或图片故事)：《山东歌舞剧院枣庄演出​》,已为您添加到数据库
发现新视频(或图片故事)：《浙江出版集团走进开化​》,已为您添加到数据库
发现新视频(或图片故事)：《中国广播艺术团走进通辽科左后旗》,已为您添加到数据库
发现新视频(或图片故事)：《重庆舞协北碚开展文化服务》,已为您添加到数据库
发现新视频(或图片故事)：《新疆​库车县图书馆开展送书下乡活动》,已为您添加到数据库
发现新视频(或图片故事)：《中国戏剧“梅花奖”艺术团走进​西昌》,已为您添加到数据库
发现新视频(或图片故事)：《陕西省歌舞剧院歌剧团在志丹惠民演出》,已为您添加到数据库
发现新视频(或图片故事)：《贵州京剧院仁怀演出《红灯记》《白蛇传》​》,已为您添加到数据库
发现新视频(或图片故事)：《贵州京剧院仁怀举办讲座​》,已为您添加到数据库
发现新视频(或图片故事)：《安徽省歌舞剧院黄山开展“送文化​”活动》,已为您添加到数据库
发现新视频(或图片故事)：《福建举行新时代​优秀舞蹈作品展演》,已为您添加到数据库
发现新视频(或图片故事)：《海南民族歌舞团什稿村演出》,已为您添加到数据库
发现新视频(或图片故事)：《海南民族歌舞团​五指山万透村送文化》,已为您添加到数据库
发现新视频(或图片故事)：《海南琼剧院​演出琼剧《东周苏秦》》,已为您添加到数据库
发现新视频(或图片故事)：《上海交响乐团​举办“午间音乐会”》,已为您添加到数据库
发现新视频(或图片故事)：《辽宁人民艺术剧院​演出《干字碑》》,已为您添加到数据库
发现新视频(或图片故事)：《‍‍上海戏曲广播​复旦大学举办戏曲专场》,已为您添加到数据库
发现新视频(或图片故事)：《山东省舞蹈家协会赴荣成进行采风创作​》,已为您添加到数据库
发现新视频(或图片故事)：《浙江话剧团《七色花》在新昌演出》,已为您添加到数据库
发现新视频(或图片故事)：《山东电影小分队菏泽公益放映》,已为您添加到数据库
发现新视频(或图片故事)：《山西曲艺团榆社县​演出》,已为您添加到数据库
发现新视频(或图片故事)：《中国交响乐团走进泰安》,已为您添加到数据库
发现新视频(或图片故事)：《中国曲协​走进江苏徐州》,已为您添加到数据库
发现新视频(或图片故事)：《《综艺大篷车》走进济南​》,已为您添加到数据库
发现新视频(或图片故事)：《浙江《流动大舞台》走进​龙泉》,已为您添加到数据库
发现新视频(或图片故事)：《《流动大舞台》走进​萧山》,已为您添加到数据库
发现新视频(或图片故事)：《贵州京剧院黔西举办《经典名剧名段演唱会》​》,已为您添加到数据库
发现新视频(或图片故事)：《山东省柳子剧团郓城送戏下乡》,已为您添加到数据库
发现新视频(或图片故事)：《新疆曲协在乌鲁木齐盲校​演出》,已为您添加到数据库
发现新视频(或图片故事)：《中国歌剧舞剧院贵州清镇市演出》,已为您添加到数据库
发现新视频(或图片故事)：《中国曲协志愿者​走进徐州马庄村》,已为您添加到数据库
发现新视频(或图片故事)：《新疆曲协走进乌鲁木齐盲人学校​》,已为您添加到数据库
发现新视频(或图片故事)：《安徽省徽京剧院送戏到合肥南门小学》,已为您添加到数据库
发现新视频(或图片故事)：《“浙越文艺小分队”送戏下乡》,已为您添加到数据库
发现新视频(或图片故事)：《 浙江越剧团湖州进行惠民演出》,已为您添加到数据库
发现新视频(或图片故事)：《天津人民艺术剧院走进红桥区实验小学​》,已为您添加到数据库
发现新视频(或图片故事)：《天津人民艺术剧院高雅艺术进校园​》,已为您添加到数据库
发现新视频(或图片故事)：《天津人民艺术剧院走进中国民航大学​》,已为您添加到数据库
发现新视频(或图片故事)：《中国歌剧舞剧院走进​贵州农业职业学院》,已为您添加到数据库
发现新视频(或图片故事)：《中国歌剧舞剧院歌走进​清镇市》,已为您添加到数据库
发现新视频(或图片故事)：《福建京剧院泉州演出​《大登殿》》,已为您添加到数据库
发现新视频(或图片故事)：《山西曲艺团沁县举办“​精准扶贫曲艺行”演出》,已为您添加到数据库
发现新视频(或图片故事)：《北京曲协首都机场公安分局演出​》,已为您添加到数据库
发现新视频(或图片故事)：《重庆举办沙坪坝原创歌曲演唱会​》,已为您添加到数据库
发现新视频(或图片故事)：《福建​晋江举行电影惠民展映》,已为您添加到数据库
发现新视频(或图片故事)：《中国歌剧舞剧院黄平“文化迎春​”》,已为您添加到数据库
发现新视频(或图片故事)：《山东文化小分队走进军旅​》,已为您添加到数据库
发现新视频(或图片故事)：《黑龙江剧协戏曲进校园​》,已为您添加到数据库
发现新视频(或图片故事)：《吉林吉剧团农安小城子乡​演出》,已为您添加到数据库
发现新视频(或图片故事)：《安徽省徽京剧院走进合肥葛大店小学​》,已为您添加到数据库
发现新视频(或图片故事)：《中国歌剧舞剧院慰问中铁四局​》,已为您添加到数据库
发现新视频(或图片故事)：《中国歌剧舞剧院凯里送文化下乡》,已为您添加到数据库
发现新视频(或图片故事)：《安徽省歌舞剧院舒城开展“送文化”​活动》,已为您添加到数据库
发现新视频(或图片故事)：《山东杂技团走进费县崇文学校​》,已为您添加到数据库
发现新视频(或图片故事)：《湖南益阳图书馆进社区​演出》,已为您添加到数据库
发现新视频(或图片故事)：《中国歌剧舞剧院走进凯里​》,已为您添加到数据库
发现新视频(或图片故事)：《中国歌剧舞剧院​在凯里南花苗寨演出》,已为您添加到数据库
发现新视频(或图片故事)：《中国歌剧舞剧院文艺小分队走进台江​》,已为您添加到数据库
发现新视频(或图片故事)：《中国歌剧舞剧院文艺小分队黄平演出》,已为您添加到数据库
发现新视频(或图片故事)：《吉林戏曲剧院吉剧团校园​演出》,已为您添加到数据库
发现新视频(或图片故事)：《安徽省歌舞剧院在宿州举办“送文化”​活动 》,已为您添加到数据库
发现新视频(或图片故事)：《安徽省徽京剧院送戏进校园》,已为您添加到数据库
发现新视频(或图片故事)：《中国东方歌舞团在山东临沂慰问​演出》,已为您添加到数据库
发现新视频(或图片故事)：《第三届海峡两岸青少年街舞大赛在厦门举办》,已为您添加到数据库
发现新视频(或图片故事)：《广东高校魔术联盟举办交流会》,已为您添加到数据库
发现新视频(或图片故事)：《​福建舞协华侨大学教街舞》,已为您添加到数据库
发现新视频(或图片故事)：《国家京剧院赴酒泉慰问演出​》,已为您添加到数据库
发现新视频(或图片故事)：《新疆喀什放映公益电影》,已为您添加到数据库
发现新视频(或图片故事)：《安徽省歌舞剧院在合力叉车厂慰问演出​》,已为您添加到数据库
发现新视频(或图片故事)：《山东歌舞剧院赴青州学校进行演出》,已为您添加到数据库
发现新视频(或图片故事)：《山东省柳子剧团赴邹城市开展文艺演出​》,已为您添加到数据库
发现新视频(或图片故事)：《 浙江越剧团送戏到宁波​》,已为您添加到数据库
发现新视频(或图片故事)：《山东歌舞剧院在平度演出​》,已为您添加到数据库
发现新视频(或图片故事)：《山东歌舞剧院胶州进校园》,已为您添加到数据库
发现新视频(或图片故事)：《山东京剧院赴临邑演出​》,已为您添加到数据库
发现新视频(或图片故事)：《重庆民族乐团​彭水举办音乐会》,已为您添加到数据库
发现新视频(或图片故事)：《吉林广播电视台走进农安校园​》,已为您添加到数据库
发现新视频(或图片故事)：《山东歌舞剧院赴青州开展文艺演出活动》,已为您添加到数据库
发现新视频(或图片故事)：《山东省柳子剧团小分队在沂南县​送戏下乡》,已为您添加到数据库
发现新视频(或图片故事)：《山东省京剧院在临邑县送戏下乡》,已为您添加到数据库
发现新视频(或图片故事)：《中国杂协在湖南韶山​进行魔术支教》,已为您添加到数据库
发现新视频(或图片故事)：《山东省京剧院在​夏津县演出》,已为您添加到数据库
发现新视频(或图片故事)：《上海交响乐团走进上​师大三附实验学校》,已为您添加到数据库
发现新视频(或图片故事)：《钱江浪花艺术团走进浙江警官职业学院​》,已为您添加到数据库
发现新视频(或图片故事)：《‍浙江话剧团儿童剧《国学小戏班》在诸暨演出》,已为您添加到数据库
发现新视频(或图片故事)：《‍浙江省文联​“欢乐送”进校园演出》,已为您添加到数据库
发现新视频(或图片故事)：《《综艺大篷车》走进山东肥城》,已为您添加到数据库
发现新视频(或图片故事)：《山东杂技团费县​演出杂技》,已为您添加到数据库
发现新视频(或图片故事)：《山东省京剧院在淄博开展​文艺演出活动》,已为您添加到数据库
发现新视频(或图片故事)：《‍钱江浪花艺术团进行科普宣传演出》,已为您添加到数据库
发现新视频(或图片故事)：《山东杂技团在临沂大学费县校区演出​》,已为您添加到数据库
发现新视频(或图片故事)：《重庆文艺志愿者在石柱​演出》,已为您添加到数据库
发现新视频(或图片故事)：《安徽省歌舞剧院送文化进小学校园》,已为您添加到数据库
发现新视频(或图片故事)：《福建上杭上演​魔术精品晚会》,已为您添加到数据库
发现新视频(或图片故事)：《​重庆市在奉节进行优秀剧目巡演》,已为您添加到数据库
发现新视频(或图片故事)：《重庆​红色文艺轻骑兵在奉节县送欢乐下基层》,已为您添加到数据库
发现新视频(或图片故事)：《重庆市红色文艺轻骑兵走进奉节校园》,已为您添加到数据库
发现新视频(或图片故事)：《重庆红色文艺轻骑兵在巫溪​演出》,已为您添加到数据库
发现新视频(或图片故事)：《 重庆红色文艺轻骑兵走进巫山县​》,已为您添加到数据库
发现新视频(或图片故事)：《上海交响乐团走进上海理工大学​》,已为您添加到数据库
发现新视频(或图片故事)：《山东省书协在曲阜送文化下基层》,已为您添加到数据库
发现新视频(或图片故事)：《山东歌舞剧院​在枣庄学校演出》,已为您添加到数据库
发现新视频(或图片故事)：《山东歌舞剧院进校园演出​》,已为您添加到数据库
发现新视频(或图片故事)：《山东歌舞剧院​走进枣庄校园》,已为您添加到数据库
发现新视频(或图片故事)：《山东歌舞剧院枣庄四十四中演出​》,已为您添加到数据库
发现新视频(或图片故事)：《山东歌舞剧院走进枣庄​校园》,已为您添加到数据库
发现新视频(或图片故事)：《山东歌舞剧院枣庄​文艺进校园》,已为您添加到数据库
发现新视频(或图片故事)：《山东歌舞剧院枣庄送文化进校园》,已为您添加到数据库
发现新视频(或图片故事)：《《流动大舞台》走进​景宁》,已为您添加到数据库
发现新视频(或图片故事)：《广东曲协珠海​惠民演出》,已为您添加到数据库
发现新视频(或图片故事)：《《流动大舞台》走进建德》,已为您添加到数据库
发现新视频(或图片故事)：《“草原综合服务轻骑兵”走进四子王旗​》,已为您添加到数据库
发现新视频(或图片故事)：《浙江电视台《流动大舞台》走进浙江余杭区》,已为您添加到数据库
发现新视频(或图片故事)：《 重庆曲艺团走进江北区五宝镇​》,已为您添加到数据库
这个栏目长度为4484,有1121个是新视频，有3363个是旧视频,坏连接0个
